This is pdfTeX, Version 3.141592653-2.6-1.40.24 (MiKTeX 22.12) (preloaded format=pdflatex 2023.1.7)  13 JAN 2023 20:10
entering extended mode
 restricted \write18 enabled.
 %&-line parsing enabled.
**./cp2223t.tex
(cp2223t.tex
LaTeX2e <2022-11-01> patch level 1
L3 programming layer <2022-12-17>
(C:\Users\diogo\AppData\Local\Programs\MiKTeX\tex/latex/base\article.cls
Document Class: article 2022/07/02 v1.4n Standard LaTeX document class
(C:\Users\diogo\AppData\Local\Programs\MiKTeX\tex/latex/base\size10.clo
File: size10.clo 2022/07/02 v1.4n Standard LaTeX file (size option)
)
\c@part=\count185
\c@section=\count186
\c@subsection=\count187
\c@subsubsection=\count188
\c@paragraph=\count189
\c@subparagraph=\count190
\c@figure=\count191
\c@table=\count192
\abovecaptionskip=\skip48
\belowcaptionskip=\skip49
\bibindent=\dimen140
)
(C:\Users\diogo\AppData\Local\Programs\MiKTeX\tex/latex/geometry\geometry.sty
Package: geometry 2020/01/02 v5.9 Page Geometry

(C:\Users\diogo\AppData\Local\Programs\MiKTeX\tex/latex/graphics\keyval.sty
Package: keyval 2022/05/29 v1.15 key=value parser (DPC)
\KV@toks@=\toks16
)
(C:\Users\diogo\AppData\Local\Programs\MiKTeX\tex/generic/iftex\ifvtex.sty
Package: ifvtex 2019/10/25 v1.7 ifvtex legacy package. Use iftex instead.

(C:\Users\diogo\AppData\Local\Programs\MiKTeX\tex/generic/iftex\iftex.sty
Package: iftex 2022/02/03 v1.0f TeX engine tests
))
\Gm@cnth=\count193
\Gm@cntv=\count194
\c@Gm@tempcnt=\count195
\Gm@bindingoffset=\dimen141
\Gm@wd@mp=\dimen142
\Gm@odd@mp=\dimen143
\Gm@even@mp=\dimen144
\Gm@layoutwidth=\dimen145
\Gm@layoutheight=\dimen146
\Gm@layouthoffset=\dimen147
\Gm@layoutvoffset=\dimen148
\Gm@dimlist=\toks17

(C:\Users\diogo\AppData\Local\Programs\MiKTeX\tex/latex/geometry\geometry.cfg))
(C:\Users\diogo\AppData\Local\Programs\MiKTeX\tex/latex/fira\FiraSans.sty
Package: FiraSans 2022/09/17 (Bob Tennent and autoinst) Style file for Fira San
s fonts.

(C:\Users\diogo\AppData\Local\Programs\MiKTeX\tex/generic/iftex\ifxetex.sty
Package: ifxetex 2019/10/25 v0.7 ifxetex legacy package. Use iftex instead.
)
(C:\Users\diogo\AppData\Local\Programs\MiKTeX\tex/generic/iftex\ifluatex.sty
Package: ifluatex 2019/10/25 v1.5 ifluatex legacy package. Use iftex instead.
)
(C:\Users\diogo\AppData\Local\Programs\MiKTeX\tex/latex/xkeyval\xkeyval.sty
Package: xkeyval 2022/06/16 v2.9 package option processing (HA)

(C:\Users\diogo\AppData\Local\Programs\MiKTeX\tex/generic/xkeyval\xkeyval.tex
(C:\Users\diogo\AppData\Local\Programs\MiKTeX\tex/generic/xkeyval\xkvutils.tex
\XKV@toks=\toks18
\XKV@tempa@toks=\toks19
)
\XKV@depth=\count196
File: xkeyval.tex 2014/12/03 v2.7a key=value parser (HA)
)) (C:\Users\diogo\AppData\Local\Programs\MiKTeX\tex/latex/base\textcomp.sty
Package: textcomp 2020/02/02 v2.0n Standard LaTeX package
)
(C:\Users\diogo\AppData\Local\Programs\MiKTeX\tex/latex/fontaxes\fontaxes.sty
Package: fontaxes 2020/07/21 v1.0e Font selection axes
LaTeX Info: Redefining \upshape on input line 29.
LaTeX Info: Redefining \itshape on input line 31.
LaTeX Info: Redefining \slshape on input line 33.
LaTeX Info: Redefining \swshape on input line 35.
LaTeX Info: Redefining \scshape on input line 37.
LaTeX Info: Redefining \sscshape on input line 39.
LaTeX Info: Redefining \ulcshape on input line 41.
LaTeX Info: Redefining \textsw on input line 47.
LaTeX Info: Redefining \textssc on input line 48.
LaTeX Info: Redefining \textulc on input line 49.
)) (C:\Users\diogo\AppData\Local\Programs\MiKTeX\tex/latex/hyperref\hyperref.st
y
Package: hyperref 2022-11-13 v7.00u Hypertext links for LaTeX

(C:\Users\diogo\AppData\Local\Programs\MiKTeX\tex/generic/ltxcmds\ltxcmds.sty
Package: ltxcmds 2020-05-10 v1.25 LaTeX kernel commands for general use (HO)
)
(C:\Users\diogo\AppData\Local\Programs\MiKTeX\tex/generic/pdftexcmds\pdftexcmds
.sty
Package: pdftexcmds 2020-06-27 v0.33 Utility functions of pdfTeX for LuaTeX (HO
)

(C:\Users\diogo\AppData\Local\Programs\MiKTeX\tex/generic/infwarerr\infwarerr.s
ty
Package: infwarerr 2019/12/03 v1.5 Providing info/warning/error messages (HO)
)
Package pdftexcmds Info: \pdf@primitive is available.
Package pdftexcmds Info: \pdf@ifprimitive is available.
Package pdftexcmds Info: \pdfdraftmode found.
)
(C:\Users\diogo\AppData\Local\Programs\MiKTeX\tex/latex/kvsetkeys\kvsetkeys.sty
Package: kvsetkeys 2022-10-05 v1.19 Key value parser (HO)
)
(C:\Users\diogo\AppData\Local\Programs\MiKTeX\tex/generic/kvdefinekeys\kvdefine
keys.sty
Package: kvdefinekeys 2019-12-19 v1.6 Define keys (HO)
)
(C:\Users\diogo\AppData\Local\Programs\MiKTeX\tex/generic/pdfescape\pdfescape.s
ty
Package: pdfescape 2019/12/09 v1.15 Implements pdfTeX's escape features (HO)
) (C:\Users\diogo\AppData\Local\Programs\MiKTeX\tex/latex/hycolor\hycolor.sty
Package: hycolor 2020-01-27 v1.10 Color options for hyperref/bookmark (HO)
)
(C:\Users\diogo\AppData\Local\Programs\MiKTeX\tex/latex/letltxmacro\letltxmacro
.sty
Package: letltxmacro 2019/12/03 v1.6 Let assignment for LaTeX macros (HO)
)
(C:\Users\diogo\AppData\Local\Programs\MiKTeX\tex/latex/auxhook\auxhook.sty
Package: auxhook 2019-12-17 v1.6 Hooks for auxiliary files (HO)
)
(C:\Users\diogo\AppData\Local\Programs\MiKTeX\tex/latex/hyperref\nameref.sty
Package: nameref 2022-05-17 v2.50 Cross-referencing by name of section

(C:\Users\diogo\AppData\Local\Programs\MiKTeX\tex/latex/refcount\refcount.sty
Package: refcount 2019/12/15 v3.6 Data extraction from label references (HO)
)
(C:\Users\diogo\AppData\Local\Programs\MiKTeX\tex/generic/gettitlestring\gettit
lestring.sty
Package: gettitlestring 2019/12/15 v1.6 Cleanup title references (HO)

(C:\Users\diogo\AppData\Local\Programs\MiKTeX\tex/latex/kvoptions\kvoptions.sty
Package: kvoptions 2022-06-15 v3.15 Key value format for package options (HO)
))
\c@section@level=\count197
)
\@linkdim=\dimen149
\Hy@linkcounter=\count198
\Hy@pagecounter=\count199
 (C:\Users\diogo\AppData\Local\Programs\MiKTeX\tex/latex/hyperref\pd1enc.def
File: pd1enc.def 2022-11-13 v7.00u Hyperref: PDFDocEncoding definition (HO)
Now handling font encoding PD1 ...
... no UTF-8 mapping file for font encoding PD1
) (C:\Users\diogo\AppData\Local\Programs\MiKTeX\tex/generic/intcalc\intcalc.sty
Package: intcalc 2019/12/15 v1.3 Expandable calculations with integers (HO)
)
(C:\Users\diogo\AppData\Local\Programs\MiKTeX\tex/generic/etexcmds\etexcmds.sty
Package: etexcmds 2019/12/15 v1.7 Avoid name clashes with e-TeX commands (HO)
)
\Hy@SavedSpaceFactor=\count266
 (C:\Users\diogo\AppData\Local\Programs\MiKTeX\tex/latex/hyperref\puenc.def
File: puenc.def 2022-11-13 v7.00u Hyperref: PDF Unicode definition (HO)
Now handling font encoding PU ...
... no UTF-8 mapping file for font encoding PU
)
Package hyperref Info: Option `colorlinks' set `true' on input line 4045.
Package hyperref Info: Hyper figures OFF on input line 4162.
Package hyperref Info: Link nesting OFF on input line 4167.
Package hyperref Info: Hyper index ON on input line 4170.
Package hyperref Info: Plain pages OFF on input line 4177.
Package hyperref Info: Backreferencing OFF on input line 4182.
Package hyperref Info: Implicit mode ON; LaTeX internals redefined.
Package hyperref Info: Bookmarks ON on input line 4410.
\c@Hy@tempcnt=\count267

(C:\Users\diogo\AppData\Local\Programs\MiKTeX\tex/latex/url\url.sty
\Urlmuskip=\muskip16
Package: url 2013/09/16  ver 3.4  Verb mode for urls, etc.
)
LaTeX Info: Redefining \url on input line 4748.
\XeTeXLinkMargin=\dimen150

(C:\Users\diogo\AppData\Local\Programs\MiKTeX\tex/generic/bitset\bitset.sty
Package: bitset 2019/12/09 v1.3 Handle bit-vector datatype (HO)

(C:\Users\diogo\AppData\Local\Programs\MiKTeX\tex/generic/bigintcalc\bigintcalc
.sty
Package: bigintcalc 2019/12/15 v1.5 Expandable calculations on big integers (HO
)
))
\Fld@menulength=\count268
\Field@Width=\dimen151
\Fld@charsize=\dimen152
Package hyperref Info: Hyper figures OFF on input line 6027.
Package hyperref Info: Link nesting OFF on input line 6032.
Package hyperref Info: Hyper index ON on input line 6035.
Package hyperref Info: backreferencing OFF on input line 6042.
Package hyperref Info: Link coloring ON on input line 6045.
Package hyperref Info: Link coloring with OCG OFF on input line 6052.
Package hyperref Info: PDF/A mode OFF on input line 6057.

(C:\Users\diogo\AppData\Local\Programs\MiKTeX\tex/latex/base\atbegshi-ltx.sty
Package: atbegshi-ltx 2021/01/10 v1.0c Emulation of the original atbegshi
package with kernel methods
)
\Hy@abspage=\count269
\c@Item=\count270
\c@Hfootnote=\count271
)
Package hyperref Info: Driver (autodetected): hpdftex.
(C:\Users\diogo\AppData\Local\Programs\MiKTeX\tex/latex/hyperref\hpdftex.def
File: hpdftex.def 2022-11-13 v7.00u Hyperref driver for pdfTeX

(C:\Users\diogo\AppData\Local\Programs\MiKTeX\tex/latex/base\atveryend-ltx.sty
Package: atveryend-ltx 2020/08/19 v1.0a Emulation of the original atveryend pac
kage
with kernel methods
)
\Fld@listcount=\count272
\c@bookmark@seq@number=\count273

(C:\Users\diogo\AppData\Local\Programs\MiKTeX\tex/latex/rerunfilecheck\rerunfil
echeck.sty
Package: rerunfilecheck 2022-07-10 v1.10 Rerun checks for auxiliary files (HO)

(C:\Users\diogo\AppData\Local\Programs\MiKTeX\tex/generic/uniquecounter\uniquec
ounter.sty
Package: uniquecounter 2019/12/15 v1.4 Provide unlimited unique counter (HO)
)
Package uniquecounter Info: New unique counter `rerunfilecheck' on input line 2
85.
)
\Hy@SectionHShift=\skip50
)
(C:\Users\diogo\AppData\Local\Programs\MiKTeX\tex/latex/graphics\graphicx.sty
Package: graphicx 2021/09/16 v1.2d Enhanced LaTeX Graphics (DPC,SPQR)

(C:\Users\diogo\AppData\Local\Programs\MiKTeX\tex/latex/graphics\graphics.sty
Package: graphics 2022/03/10 v1.4e Standard LaTeX Graphics (DPC,SPQR)

(C:\Users\diogo\AppData\Local\Programs\MiKTeX\tex/latex/graphics\trig.sty
Package: trig 2021/08/11 v1.11 sin cos tan (DPC)
)
(C:\Users\diogo\AppData\Local\Programs\MiKTeX\tex/latex/graphics-cfg\graphics.c
fg
File: graphics.cfg 2016/06/04 v1.11 sample graphics configuration
)
Package graphics Info: Driver file: pdftex.def on input line 107.

(C:\Users\diogo\AppData\Local\Programs\MiKTeX\tex/latex/graphics-def\pdftex.def
File: pdftex.def 2022/09/22 v1.2b Graphics/color driver for pdftex
))
\Gin@req@height=\dimen153
\Gin@req@width=\dimen154
) (cp2223t.sty
(C:\Users\diogo\AppData\Local\Programs\MiKTeX\tex/latex/base\fleqn.sty

LaTeX Warning: inputting `fleqn.clo' instead of obsolete `fleqn.sty'.

(C:\Users\diogo\AppData\Local\Programs\MiKTeX\tex/latex/base\fleqn.clo
File: fleqn.clo 2016/12/29 v1.2b Standard LaTeX option (flush left equations)
\mathindent=\skip51
Applying: [2015/01/01] Make \[ robust on input line 50.
LaTeX Info: Redefining \[ on input line 51.
Already applied: [0000/00/00] Make \[ robust on input line 62.
Applying: [2015/01/01] Make \] robust on input line 74.
LaTeX Info: Redefining \] on input line 75.
Already applied: [0000/00/00] Make \] robust on input line 83.
))
(C:\Users\diogo\AppData\Local\Programs\MiKTeX\tex/generic/babel\babel.sty
Package: babel 2022/12/26 3.84 The Babel package
\babel@savecnt=\count274
\U@D=\dimen155
\l@unhyphenated=\language79

(C:\Users\diogo\AppData\Local\Programs\MiKTeX\tex/generic/babel\txtbabel.def)
\bbl@readstream=\read2
\bbl@dirlevel=\count275

*************************************
* Local config file bblopts.cfg used
*
(C:\Users\diogo\AppData\Local\Programs\MiKTeX\tex/latex/arabi\bblopts.cfg
File: bblopts.cfg 2005/09/08 v0.1 add Arabic and Farsi to "declared" options of
 babel
)
(C:\Users\diogo\AppData\Local\Programs\MiKTeX\tex/latex/babel-portuges\portugue
se.ldf
Language: portuges 2021/07/09 v1.2t Portuguese support from the babel system
Package babel Info: Making " an active character on input line 143.
))
(C:\Users\diogo\AppData\Local\Programs\MiKTeX\tex/generic/babel/locale/pt\babel
-portuguese.tex
Package babel Info: Importing font and identification data for portuguese
(babel)             from babel-pt.ini. Reported on input line 11.
)
(C:\Users\diogo\AppData\Local\Programs\MiKTeX\tex/latex/base\inputenc.sty
Package: inputenc 2021/02/14 v1.3d Input encoding file
\inpenc@prehook=\toks20
\inpenc@posthook=\toks21
)
(C:\Users\diogo\AppData\Local\Programs\MiKTeX\tex/latex/psnfss\mathptmx.sty
Package: mathptmx 2020/03/25 PSNFSS-v9.3 Times w/ Math, improved (SPQR, WaS) 
LaTeX Font Info:    Redeclaring symbol font `operators' on input line 28.
LaTeX Font Info:    Overwriting symbol font `operators' in version `normal'
(Font)                  OT1/cmr/m/n --> OT1/ztmcm/m/n on input line 28.
LaTeX Font Info:    Overwriting symbol font `operators' in version `bold'
(Font)                  OT1/cmr/bx/n --> OT1/ztmcm/m/n on input line 28.
LaTeX Font Info:    Redeclaring symbol font `letters' on input line 29.
LaTeX Font Info:    Overwriting symbol font `letters' in version `normal'
(Font)                  OML/cmm/m/it --> OML/ztmcm/m/it on input line 29.
LaTeX Font Info:    Overwriting symbol font `letters' in version `bold'
(Font)                  OML/cmm/b/it --> OML/ztmcm/m/it on input line 29.
LaTeX Font Info:    Redeclaring symbol font `symbols' on input line 30.
LaTeX Font Info:    Overwriting symbol font `symbols' in version `normal'
(Font)                  OMS/cmsy/m/n --> OMS/ztmcm/m/n on input line 30.
LaTeX Font Info:    Overwriting symbol font `symbols' in version `bold'
(Font)                  OMS/cmsy/b/n --> OMS/ztmcm/m/n on input line 30.
LaTeX Font Info:    Redeclaring symbol font `largesymbols' on input line 31.
LaTeX Font Info:    Overwriting symbol font `largesymbols' in version `normal'
(Font)                  OMX/cmex/m/n --> OMX/ztmcm/m/n on input line 31.
LaTeX Font Info:    Overwriting symbol font `largesymbols' in version `bold'
(Font)                  OMX/cmex/m/n --> OMX/ztmcm/m/n on input line 31.
\symbold=\mathgroup4
\symitalic=\mathgroup5
LaTeX Font Info:    Redeclaring math alphabet \mathbf on input line 34.
LaTeX Font Info:    Overwriting math alphabet `\mathbf' in version `normal'
(Font)                  OT1/cmr/bx/n --> OT1/ptm/bx/n on input line 34.
LaTeX Font Info:    Overwriting math alphabet `\mathbf' in version `bold'
(Font)                  OT1/cmr/bx/n --> OT1/ptm/bx/n on input line 34.
LaTeX Font Info:    Redeclaring math alphabet \mathit on input line 35.
LaTeX Font Info:    Overwriting math alphabet `\mathit' in version `normal'
(Font)                  OT1/cmr/m/it --> OT1/ptm/m/it on input line 35.
LaTeX Font Info:    Overwriting math alphabet `\mathit' in version `bold'
(Font)                  OT1/cmr/bx/it --> OT1/ptm/m/it on input line 35.
LaTeX Info: Redefining \hbar on input line 50.
)
(C:\Users\diogo\AppData\Local\Programs\MiKTeX\tex/latex/tools\tabularx.sty
Package: tabularx 2020/01/15 v2.11c `tabularx' package (DPC)

(C:\Users\diogo\AppData\Local\Programs\MiKTeX\tex/latex/tools\array.sty
Package: array 2022/03/10 v2.5f Tabular extension package (FMi)
\col@sep=\dimen156
\ar@mcellbox=\box51
\extrarowheight=\dimen157
\NC@list=\toks22
\extratabsurround=\skip52
\backup@length=\skip53
\ar@cellbox=\box52
)
\TX@col@width=\dimen158
\TX@old@table=\dimen159
\TX@old@col=\dimen160
\TX@target=\dimen161
\TX@delta=\dimen162
\TX@cols=\count276
\TX@ftn=\toks23
)
\c@teste=\count277
\c@propriedade=\count278

(C:\Users\diogo\AppData\Local\Programs\MiKTeX\tex/latex/fancyvrb\fancyvrb.sty
Package: fancyvrb 2022/06/06 4.5 verbatim text (tvz,hv)
\FV@CodeLineNo=\count279
\FV@InFile=\read3
\FV@TabBox=\box53
\c@FancyVerbLine=\count280
\FV@StepNumber=\count281
\FV@OutFile=\write3
)
(C:\Users\diogo\AppData\Local\Programs\MiKTeX\tex/generic/xypic\xy.sty
(C:\Users\diogo\AppData\Local\Programs\MiKTeX\tex/generic/xypic\xy.tex
Bootstrap'ing: catcodes, docmode,
(C:\Users\diogo\AppData\Local\Programs\MiKTeX\tex/generic/xypic\xyrecat.tex)
(C:\Users\diogo\AppData\Local\Programs\MiKTeX\tex/generic/xypic\xyidioms.tex)

 Xy-pic version 3.8.9 <2013/10/06>
 Copyright (c) 1991-2013 by Kristoffer H. Rose <krisrose@tug.org> and others
 Xy-pic is free software: see the User's Guide for details.

Loading kernel: messages; fonts; allocations: state,
\X@c=\dimen163
\Y@c=\dimen164
\U@c=\dimen165
\D@c=\dimen166
\L@c=\dimen167
\R@c=\dimen168
\Edge@c=\toks24
\X@p=\dimen169
\Y@p=\dimen170
\U@p=\dimen171
\D@p=\dimen172
\L@p=\dimen173
\R@p=\dimen174
\Edge@p=\toks25
\X@origin=\dimen175
\Y@origin=\dimen176
\X@xbase=\dimen177
\Y@xbase=\dimen178
\X@ybase=\dimen179
\Y@ybase=\dimen180
\X@min=\dimen181
\Y@min=\dimen182
\X@max=\dimen183
\Y@max=\dimen184
\lastobjectbox@=\box54
\zerodotbox@=\box55
\almostz@=\dimen185
 direction,
\d@X=\dimen186
\d@Y=\dimen187
\K@=\count282
\KK@=\count283
\Direction=\count284
\K@dXdY=\dimen188
\K@dYdX=\dimen189
\xyread@=\read4
\xywrite@=\write4
\csp@=\count285
\quotPTK@=\dimen190

utility macros; pictures: \xy, positions,
\swaptoks@@=\toks26
\connectobjectbox@@=\box56
 objects,
\styletoks@=\toks27
 decorations;
kernel objects: directionals, circles, text; options; algorithms: directions,
edges, connections;  Xy-pic loaded)
(C:\Users\diogo\AppData\Local\Programs\MiKTeX\tex/generic/iftex\ifpdf.sty
Package: ifpdf 2019/10/25 v3.4 ifpdf legacy package. Use iftex instead.
)
Package: xy 2013/10/06 Xy-pic version 3.8.9

(C:\Users\diogo\AppData\Local\Programs\MiKTeX\tex/generic/xypic\xyall.tex
 Xy-pic option: All features v.3.8
(C:\Users\diogo\AppData\Local\Programs\MiKTeX\tex/generic/xypic\xycurve.tex
 Xy-pic option: Curve and Spline extension v.3.12 curve,
\crv@cnt@=\count286
\crvpts@=\toks28
\splinebox@=\box57
\splineval@=\dimen191
\splinedepth@=\dimen192
\splinetol@=\dimen193
\splinelength@=\dimen194
 circles,
\L@=\dimen195
 loaded)
(C:\Users\diogo\AppData\Local\Programs\MiKTeX\tex/generic/xypic\xyframe.tex
 Xy-pic option: Frame and Bracket extension v.3.14 loaded)
(C:\Users\diogo\AppData\Local\Programs\MiKTeX\tex/generic/xypic\xycmtip.tex
 Xy-pic option: Computer Modern tip extension v.3.7
(C:\Users\diogo\AppData\Local\Programs\MiKTeX\tex/generic/xypic\xytips.tex
 Xy-pic option: More Tips extension v.3.11 loaded) loaded)
(C:\Users\diogo\AppData\Local\Programs\MiKTeX\tex/generic/xypic\xyline.tex
 Xy-pic option: Line styles extension v.3.10
\xylinethick@=\dimen196
 loaded)
(C:\Users\diogo\AppData\Local\Programs\MiKTeX\tex/generic/xypic\xyrotate.tex
 Xy-pic option: Rotate and Scale extension v.3.8 loaded)
(C:\Users\diogo\AppData\Local\Programs\MiKTeX\tex/generic/xypic\xycolor.tex
 Xy-pic option: Colour extension v.3.11 loaded)
(C:\Users\diogo\AppData\Local\Programs\MiKTeX\tex/generic/xypic\xymatrix.tex
 Xy-pic option: Matrix feature v.3.14
\Row=\count287
\Col=\count288
\queue@=\toks29
\queue@@=\toks30
\qcount@=\count289
\qcount@@=\count290
\matrixsize@=\count291
 loaded)
(C:\Users\diogo\AppData\Local\Programs\MiKTeX\tex/generic/xypic\xyarrow.tex
 Xy-pic option: Arrow and Path feature v.3.9 path, \ar, loaded)
(C:\Users\diogo\AppData\Local\Programs\MiKTeX\tex/generic/xypic\xygraph.tex
 Xy-pic option: Graph feature v.3.11 loaded) loaded)
(C:\Users\diogo\AppData\Local\Programs\MiKTeX\tex/generic/xypic\xypdf.tex
 Xy-pic option: PDF driver v.1.7 Xy-pic pdf driver: `color' extension support
(C:\Users\diogo\AppData\Local\Programs\MiKTeX\tex/generic/xypic\xypdf-co.tex
loaded) Xy-pic pdf driver: `curve' extension support
(C:\Users\diogo\AppData\Local\Programs\MiKTeX\tex/generic/xypic\xypdf-cu.tex
loaded) Xy-pic pdf driver: `frame' extension support
(C:\Users\diogo\AppData\Local\Programs\MiKTeX\tex/generic/xypic\xypdf-fr.tex
loaded) Xy-pic pdf driver: `line' extension support
(C:\Users\diogo\AppData\Local\Programs\MiKTeX\tex/generic/xypic\xypdf-li.tex
loaded) Xy-pic pdf driver: `rotate' extension support
(C:\Users\diogo\AppData\Local\Programs\MiKTeX\tex/generic/xypic\xypdf-ro.tex
loaded) loaded))
(C:\Users\diogo\AppData\Local\Programs\MiKTeX\tex/latex/graphics\color.sty
Package: color 2022/01/06 v1.3d Standard LaTeX Color (DPC)

(C:\Users\diogo\AppData\Local\Programs\MiKTeX\tex/latex/graphics-cfg\color.cfg
File: color.cfg 2016/01/02 v1.6 sample color configuration
)
Package color Info: Driver file: pdftex.def on input line 149.
(C:\Users\diogo\AppData\Local\Programs\MiKTeX\tex/latex/graphics\mathcolor.ltx)
) (C:\Users\diogo\AppData\Local\Programs\MiKTeX\tex/latex/xcolor\xcolor.sty
Package: xcolor 2022/06/12 v2.14 LaTeX color extensions (UK)

(C:\Users\diogo\AppData\Local\Programs\MiKTeX\tex/latex/graphics-cfg\color.cfg
File: color.cfg 2016/01/02 v1.6 sample color configuration
)
Package xcolor Info: Driver file: pdftex.def on input line 227.
LaTeX Info: Redefining \color on input line 711.
(C:\Users\diogo\AppData\Local\Programs\MiKTeX\tex/latex/graphics\mathcolor.ltx)
Package xcolor Info: Model `cmy' substituted by `cmy0' on input line 1353.
Package xcolor Info: Model `hsb' substituted by `rgb' on input line 1357.
Package xcolor Info: Model `RGB' extended on input line 1369.
Package xcolor Info: Model `HTML' substituted by `rgb' on input line 1371.
Package xcolor Info: Model `Hsb' substituted by `hsb' on input line 1372.
Package xcolor Info: Model `tHsb' substituted by `hsb' on input line 1373.
Package xcolor Info: Model `HSB' substituted by `hsb' on input line 1374.
Package xcolor Info: Model `Gray' substituted by `gray' on input line 1375.
Package xcolor Info: Model `wave' substituted by `hsb' on input line 1376.
(C:\Users\diogo\AppData\Local\Programs\MiKTeX\tex/latex/graphics\dvipsnam.def
File: dvipsnam.def 2016/06/17 v3.0m Driver-dependent file (DPC,SPQR)
)) (C:\Users\diogo\AppData\Local\Programs\MiKTeX\tex/latex/listings\listings.st
y
\lst@mode=\count292
\lst@gtempboxa=\box58
\lst@token=\toks31
\lst@length=\count293
\lst@currlwidth=\dimen197
\lst@column=\count294
\lst@pos=\count295
\lst@lostspace=\dimen198
\lst@width=\dimen199
\lst@newlines=\count296
\lst@lineno=\count297
\lst@maxwidth=\dimen256

(C:\Users\diogo\AppData\Local\Programs\MiKTeX\tex/latex/listings\lstmisc.sty
File: lstmisc.sty 2020/03/24 1.8d (Carsten Heinz)
\c@lstnumber=\count298
\lst@skipnumbers=\count299
\lst@framebox=\box59
)
(C:\Users\diogo\AppData\Local\Programs\MiKTeX\tex/latex/listings\listings.cfg
File: listings.cfg 2020/03/24 1.8d listings configuration
))
Package: listings 2020/03/24 1.8d (Carsten Heinz)

(C:\Users\diogo\AppData\Local\Programs\MiKTeX\tex/latex/pgf/frontendlayer\tikz.
sty
(C:\Users\diogo\AppData\Local\Programs\MiKTeX\tex/latex/pgf/basiclayer\pgf.sty
(C:\Users\diogo\AppData\Local\Programs\MiKTeX\tex/latex/pgf/utilities\pgfrcs.st
y
(C:\Users\diogo\AppData\Local\Programs\MiKTeX\tex/generic/pgf/utilities\pgfutil
-common.tex
\pgfutil@everybye=\toks32
\pgfutil@tempdima=\dimen257
\pgfutil@tempdimb=\dimen258

(C:\Users\diogo\AppData\Local\Programs\MiKTeX\tex/generic/pgf/utilities\pgfutil
-common-lists.tex))
(C:\Users\diogo\AppData\Local\Programs\MiKTeX\tex/generic/pgf/utilities\pgfutil
-latex.def
\pgfutil@abb=\box60
)
(C:\Users\diogo\AppData\Local\Programs\MiKTeX\tex/generic/pgf/utilities\pgfrcs.
code.tex
(C:\Users\diogo\AppData\Local\Programs\MiKTeX\tex/generic/pgf\pgf.revision.tex)
Package: pgfrcs 2021/05/15 v3.1.9a (3.1.9a)
))
Package: pgf 2021/05/15 v3.1.9a (3.1.9a)

(C:\Users\diogo\AppData\Local\Programs\MiKTeX\tex/latex/pgf/basiclayer\pgfcore.
sty
(C:\Users\diogo\AppData\Local\Programs\MiKTeX\tex/latex/pgf/systemlayer\pgfsys.
sty
(C:\Users\diogo\AppData\Local\Programs\MiKTeX\tex/generic/pgf/systemlayer\pgfsy
s.code.tex
Package: pgfsys 2021/05/15 v3.1.9a (3.1.9a)

(C:\Users\diogo\AppData\Local\Programs\MiKTeX\tex/generic/pgf/utilities\pgfkeys
.code.tex
\pgfkeys@pathtoks=\toks33
\pgfkeys@temptoks=\toks34

(C:\Users\diogo\AppData\Local\Programs\MiKTeX\tex/generic/pgf/utilities\pgfkeys
filtered.code.tex
\pgfkeys@tmptoks=\toks35
))
\pgf@x=\dimen259
\pgf@y=\dimen260
\pgf@xa=\dimen261
\pgf@ya=\dimen262
\pgf@xb=\dimen263
\pgf@yb=\dimen264
\pgf@xc=\dimen265
\pgf@yc=\dimen266
\pgf@xd=\dimen267
\pgf@yd=\dimen268
\w@pgf@writea=\write5
\r@pgf@reada=\read5
\c@pgf@counta=\count300
\c@pgf@countb=\count301
\c@pgf@countc=\count302
\c@pgf@countd=\count303
\t@pgf@toka=\toks36
\t@pgf@tokb=\toks37
\t@pgf@tokc=\toks38
\pgf@sys@id@count=\count304

(C:\Users\diogo\AppData\Local\Programs\MiKTeX\tex/generic/pgf/systemlayer\pgf.c
fg
File: pgf.cfg 2021/05/15 v3.1.9a (3.1.9a)
)
Driver file for pgf: pgfsys-pdftex.def

(C:\Users\diogo\AppData\Local\Programs\MiKTeX\tex/generic/pgf/systemlayer\pgfsy
s-pdftex.def
File: pgfsys-pdftex.def 2021/05/15 v3.1.9a (3.1.9a)

(C:\Users\diogo\AppData\Local\Programs\MiKTeX\tex/generic/pgf/systemlayer\pgfsy
s-common-pdf.def
File: pgfsys-common-pdf.def 2021/05/15 v3.1.9a (3.1.9a)
)))
(C:\Users\diogo\AppData\Local\Programs\MiKTeX\tex/generic/pgf/systemlayer\pgfsy
ssoftpath.code.tex
File: pgfsyssoftpath.code.tex 2021/05/15 v3.1.9a (3.1.9a)
\pgfsyssoftpath@smallbuffer@items=\count305
\pgfsyssoftpath@bigbuffer@items=\count306
)
(C:\Users\diogo\AppData\Local\Programs\MiKTeX\tex/generic/pgf/systemlayer\pgfsy
sprotocol.code.tex
File: pgfsysprotocol.code.tex 2021/05/15 v3.1.9a (3.1.9a)
))
(C:\Users\diogo\AppData\Local\Programs\MiKTeX\tex/generic/pgf/basiclayer\pgfcor
e.code.tex
Package: pgfcore 2021/05/15 v3.1.9a (3.1.9a)

(C:\Users\diogo\AppData\Local\Programs\MiKTeX\tex/generic/pgf/math\pgfmath.code
.tex
(C:\Users\diogo\AppData\Local\Programs\MiKTeX\tex/generic/pgf/math\pgfmathcalc.
code.tex
(C:\Users\diogo\AppData\Local\Programs\MiKTeX\tex/generic/pgf/math\pgfmathutil.
code.tex)
(C:\Users\diogo\AppData\Local\Programs\MiKTeX\tex/generic/pgf/math\pgfmathparse
r.code.tex
\pgfmath@dimen=\dimen269
\pgfmath@count=\count307
\pgfmath@box=\box61
\pgfmath@toks=\toks39
\pgfmath@stack@operand=\toks40
\pgfmath@stack@operation=\toks41
)
(C:\Users\diogo\AppData\Local\Programs\MiKTeX\tex/generic/pgf/math\pgfmathfunct
ions.code.tex
(C:\Users\diogo\AppData\Local\Programs\MiKTeX\tex/generic/pgf/math\pgfmathfunct
ions.basic.code.tex)
(C:\Users\diogo\AppData\Local\Programs\MiKTeX\tex/generic/pgf/math\pgfmathfunct
ions.trigonometric.code.tex)
(C:\Users\diogo\AppData\Local\Programs\MiKTeX\tex/generic/pgf/math\pgfmathfunct
ions.random.code.tex)
(C:\Users\diogo\AppData\Local\Programs\MiKTeX\tex/generic/pgf/math\pgfmathfunct
ions.comparison.code.tex)
(C:\Users\diogo\AppData\Local\Programs\MiKTeX\tex/generic/pgf/math\pgfmathfunct
ions.base.code.tex)
(C:\Users\diogo\AppData\Local\Programs\MiKTeX\tex/generic/pgf/math\pgfmathfunct
ions.round.code.tex)
(C:\Users\diogo\AppData\Local\Programs\MiKTeX\tex/generic/pgf/math\pgfmathfunct
ions.misc.code.tex)
(C:\Users\diogo\AppData\Local\Programs\MiKTeX\tex/generic/pgf/math\pgfmathfunct
ions.integerarithmetics.code.tex)))
(C:\Users\diogo\AppData\Local\Programs\MiKTeX\tex/generic/pgf/math\pgfmathfloat
.code.tex
\c@pgfmathroundto@lastzeros=\count308
))
(C:\Users\diogo\AppData\Local\Programs\MiKTeX\tex/generic/pgf/math\pgfint.code.
tex)
(C:\Users\diogo\AppData\Local\Programs\MiKTeX\tex/generic/pgf/basiclayer\pgfcor
epoints.code.tex
File: pgfcorepoints.code.tex 2021/05/15 v3.1.9a (3.1.9a)
\pgf@picminx=\dimen270
\pgf@picmaxx=\dimen271
\pgf@picminy=\dimen272
\pgf@picmaxy=\dimen273
\pgf@pathminx=\dimen274
\pgf@pathmaxx=\dimen275
\pgf@pathminy=\dimen276
\pgf@pathmaxy=\dimen277
\pgf@xx=\dimen278
\pgf@xy=\dimen279
\pgf@yx=\dimen280
\pgf@yy=\dimen281
\pgf@zx=\dimen282
\pgf@zy=\dimen283
)
(C:\Users\diogo\AppData\Local\Programs\MiKTeX\tex/generic/pgf/basiclayer\pgfcor
epathconstruct.code.tex
File: pgfcorepathconstruct.code.tex 2021/05/15 v3.1.9a (3.1.9a)
\pgf@path@lastx=\dimen284
\pgf@path@lasty=\dimen285
)
(C:\Users\diogo\AppData\Local\Programs\MiKTeX\tex/generic/pgf/basiclayer\pgfcor
epathusage.code.tex
File: pgfcorepathusage.code.tex 2021/05/15 v3.1.9a (3.1.9a)
\pgf@shorten@end@additional=\dimen286
\pgf@shorten@start@additional=\dimen287
)
(C:\Users\diogo\AppData\Local\Programs\MiKTeX\tex/generic/pgf/basiclayer\pgfcor
escopes.code.tex
File: pgfcorescopes.code.tex 2021/05/15 v3.1.9a (3.1.9a)
\pgfpic=\box62
\pgf@hbox=\box63
\pgf@layerbox@main=\box64
\pgf@picture@serial@count=\count309
)
(C:\Users\diogo\AppData\Local\Programs\MiKTeX\tex/generic/pgf/basiclayer\pgfcor
egraphicstate.code.tex
File: pgfcoregraphicstate.code.tex 2021/05/15 v3.1.9a (3.1.9a)
\pgflinewidth=\dimen288
)
(C:\Users\diogo\AppData\Local\Programs\MiKTeX\tex/generic/pgf/basiclayer\pgfcor
etransformations.code.tex
File: pgfcoretransformations.code.tex 2021/05/15 v3.1.9a (3.1.9a)
\pgf@pt@x=\dimen289
\pgf@pt@y=\dimen290
\pgf@pt@temp=\dimen291
)
(C:\Users\diogo\AppData\Local\Programs\MiKTeX\tex/generic/pgf/basiclayer\pgfcor
equick.code.tex
File: pgfcorequick.code.tex 2021/05/15 v3.1.9a (3.1.9a)
)
(C:\Users\diogo\AppData\Local\Programs\MiKTeX\tex/generic/pgf/basiclayer\pgfcor
eobjects.code.tex
File: pgfcoreobjects.code.tex 2021/05/15 v3.1.9a (3.1.9a)
)
(C:\Users\diogo\AppData\Local\Programs\MiKTeX\tex/generic/pgf/basiclayer\pgfcor
epathprocessing.code.tex
File: pgfcorepathprocessing.code.tex 2021/05/15 v3.1.9a (3.1.9a)
)
(C:\Users\diogo\AppData\Local\Programs\MiKTeX\tex/generic/pgf/basiclayer\pgfcor
earrows.code.tex
File: pgfcorearrows.code.tex 2021/05/15 v3.1.9a (3.1.9a)
\pgfarrowsep=\dimen292
)
(C:\Users\diogo\AppData\Local\Programs\MiKTeX\tex/generic/pgf/basiclayer\pgfcor
eshade.code.tex
File: pgfcoreshade.code.tex 2021/05/15 v3.1.9a (3.1.9a)
\pgf@max=\dimen293
\pgf@sys@shading@range@num=\count310
\pgf@shadingcount=\count311
)
(C:\Users\diogo\AppData\Local\Programs\MiKTeX\tex/generic/pgf/basiclayer\pgfcor
eimage.code.tex
File: pgfcoreimage.code.tex 2021/05/15 v3.1.9a (3.1.9a)

(C:\Users\diogo\AppData\Local\Programs\MiKTeX\tex/generic/pgf/basiclayer\pgfcor
eexternal.code.tex
File: pgfcoreexternal.code.tex 2021/05/15 v3.1.9a (3.1.9a)
\pgfexternal@startupbox=\box65
))
(C:\Users\diogo\AppData\Local\Programs\MiKTeX\tex/generic/pgf/basiclayer\pgfcor
elayers.code.tex
File: pgfcorelayers.code.tex 2021/05/15 v3.1.9a (3.1.9a)
)
(C:\Users\diogo\AppData\Local\Programs\MiKTeX\tex/generic/pgf/basiclayer\pgfcor
etransparency.code.tex
File: pgfcoretransparency.code.tex 2021/05/15 v3.1.9a (3.1.9a)
)
(C:\Users\diogo\AppData\Local\Programs\MiKTeX\tex/generic/pgf/basiclayer\pgfcor
epatterns.code.tex
File: pgfcorepatterns.code.tex 2021/05/15 v3.1.9a (3.1.9a)
)
(C:\Users\diogo\AppData\Local\Programs\MiKTeX\tex/generic/pgf/basiclayer\pgfcor
erdf.code.tex
File: pgfcorerdf.code.tex 2021/05/15 v3.1.9a (3.1.9a)
)))
(C:\Users\diogo\AppData\Local\Programs\MiKTeX\tex/generic/pgf/modules\pgfmodule
shapes.code.tex
File: pgfmoduleshapes.code.tex 2021/05/15 v3.1.9a (3.1.9a)
\pgfnodeparttextbox=\box66
)
(C:\Users\diogo\AppData\Local\Programs\MiKTeX\tex/generic/pgf/modules\pgfmodule
plot.code.tex
File: pgfmoduleplot.code.tex 2021/05/15 v3.1.9a (3.1.9a)
)
(C:\Users\diogo\AppData\Local\Programs\MiKTeX\tex/latex/pgf/compatibility\pgfco
mp-version-0-65.sty
Package: pgfcomp-version-0-65 2021/05/15 v3.1.9a (3.1.9a)
\pgf@nodesepstart=\dimen294
\pgf@nodesepend=\dimen295
)
(C:\Users\diogo\AppData\Local\Programs\MiKTeX\tex/latex/pgf/compatibility\pgfco
mp-version-1-18.sty
Package: pgfcomp-version-1-18 2021/05/15 v3.1.9a (3.1.9a)
))
(C:\Users\diogo\AppData\Local\Programs\MiKTeX\tex/latex/pgf/utilities\pgffor.st
y
(C:\Users\diogo\AppData\Local\Programs\MiKTeX\tex/latex/pgf/utilities\pgfkeys.s
ty
(C:\Users\diogo\AppData\Local\Programs\MiKTeX\tex/generic/pgf/utilities\pgfkeys
.code.tex))
(C:\Users\diogo\AppData\Local\Programs\MiKTeX\tex/latex/pgf/math\pgfmath.sty
(C:\Users\diogo\AppData\Local\Programs\MiKTeX\tex/generic/pgf/math\pgfmath.code
.tex))
(C:\Users\diogo\AppData\Local\Programs\MiKTeX\tex/generic/pgf/utilities\pgffor.
code.tex
Package: pgffor 2021/05/15 v3.1.9a (3.1.9a)

(C:\Users\diogo\AppData\Local\Programs\MiKTeX\tex/generic/pgf/math\pgfmath.code
.tex)
\pgffor@iter=\dimen296
\pgffor@skip=\dimen297
\pgffor@stack=\toks42
\pgffor@toks=\toks43
))
(C:\Users\diogo\AppData\Local\Programs\MiKTeX\tex/generic/pgf/frontendlayer/tik
z\tikz.code.tex
Package: tikz 2021/05/15 v3.1.9a (3.1.9a)

(C:\Users\diogo\AppData\Local\Programs\MiKTeX\tex/generic/pgf/libraries\pgflibr
aryplothandlers.code.tex
File: pgflibraryplothandlers.code.tex 2021/05/15 v3.1.9a (3.1.9a)
\pgf@plot@mark@count=\count312
\pgfplotmarksize=\dimen298
)
\tikz@lastx=\dimen299
\tikz@lasty=\dimen300
\tikz@lastxsaved=\dimen301
\tikz@lastysaved=\dimen302
\tikz@lastmovetox=\dimen303
\tikz@lastmovetoy=\dimen304
\tikzleveldistance=\dimen305
\tikzsiblingdistance=\dimen306
\tikz@figbox=\box67
\tikz@figbox@bg=\box68
\tikz@tempbox=\box69
\tikz@tempbox@bg=\box70
\tikztreelevel=\count313
\tikznumberofchildren=\count314
\tikznumberofcurrentchild=\count315
\tikz@fig@count=\count316

(C:\Users\diogo\AppData\Local\Programs\MiKTeX\tex/generic/pgf/modules\pgfmodule
matrix.code.tex
File: pgfmodulematrix.code.tex 2021/05/15 v3.1.9a (3.1.9a)
\pgfmatrixcurrentrow=\count317
\pgfmatrixcurrentcolumn=\count318
\pgf@matrix@numberofcolumns=\count319
)
\tikz@expandcount=\count320

(C:\Users\diogo\AppData\Local\Programs\MiKTeX\tex/generic/pgf/frontendlayer/tik
z/libraries\tikzlibrarytopaths.code.tex
File: tikzlibrarytopaths.code.tex 2021/05/15 v3.1.9a (3.1.9a)
)))
(C:\Users\diogo\AppData\Local\Programs\MiKTeX\tex/latex/tikz-qtree\tikz-qtree.s
ty
(C:\Users\diogo\AppData\Local\Programs\MiKTeX\tex/latex/tikz-qtree\pgftree.sty
(C:\Users\diogo\AppData\Local\Programs\MiKTeX\tex/latex/tikz-qtree\pgfsubpic.st
y
(C:\Users\diogo\AppData\Local\Programs\MiKTeX\tex/generic/tikz-qtree\pgfsubpic.
tex
\pgf@subpicminx=\dimen307
\pgf@subpicminy=\dimen308
\pgf@subpicmaxx=\dimen309
\pgf@subpicmaxy=\dimen310
))
(C:\Users\diogo\AppData\Local\Programs\MiKTeX\tex/generic/tikz-qtree\pgftree.te
x
\levelsep=\dimen311
\subtreesep=\dimen312
\smuggle@levelsep=\dimen313
\smuggle@subtreesep=\dimen314
\this@levelsep=\dimen315
\this@subtreesep=\dimen316
\pgftree@childx=\dimen317
\pgftree@savechildx=\dimen318
\pgftree@childy=\dimen319
\pgftree@savechildy=\dimen320
\pgftree@childi=\count321
\pgftree@savechildi=\count322
\pgftree@level=\count323
\pgftree@depth=\dimen321
\pgf@subpic@hbox@children=\box71
\pgf@subpic@minx@children=\dimen322
\pgf@subpic@miny@children=\dimen323
\pgf@subpic@maxx@children=\dimen324
\pgf@subpic@maxy@children=\dimen325
\pgftree@lastchildx=\dimen326
\pgftree@lastchildy=\dimen327
))
(C:\Users\diogo\AppData\Local\Programs\MiKTeX\tex/generic/tikz-qtree\tikz-qtree
.tex
\@result=\toks44
\child@list=\toks45
\root@node=\toks46
))
(C:\Users\diogo\AppData\Local\Programs\MiKTeX\tex/generic/pgf/frontendlayer/tik
z/libraries\tikzlibrarytrees.code.tex
File: tikzlibrarytrees.code.tex 2021/05/15 v3.1.9a (3.1.9a)
)
(C:\Users\diogo\AppData\Local\Programs\MiKTeX\tex/latex/tcolorbox\tcolorbox.sty
Package: tcolorbox 2022/06/24 version 5.1.1 text color boxes
(C:\Users\diogo\AppData\Local\Programs\MiKTeX\tex/latex/tools\verbatim.sty
Package: verbatim 2020-07-07 v1.5u LaTeX2e package for verbatim enhancements
\every@verbatim=\toks47
\verbatim@line=\toks48
\verbatim@in@stream=\read6
)
(C:\Users\diogo\AppData\Local\Programs\MiKTeX\tex/latex/environ\environ.sty
Package: environ 2014/05/04 v0.3 A new way to define environments

(C:\Users\diogo\AppData\Local\Programs\MiKTeX\tex/latex/trimspaces\trimspaces.s
ty
Package: trimspaces 2009/09/17 v1.1 Trim spaces around a token list
)
\@envbody=\toks49
)
(C:\Users\diogo\AppData\Local\Programs\MiKTeX\tex/latex/etoolbox\etoolbox.sty
Package: etoolbox 2020/10/05 v2.5k e-TeX tools for LaTeX (JAW)
\etb@tempcnta=\count324
)
\tcb@titlebox=\box72
\tcb@upperbox=\box73
\tcb@lowerbox=\box74
\tcb@phantombox=\box75
\c@tcbbreakpart=\count325
\c@tcblayer=\count326
\c@tcolorbox@number=\count327
\tcb@temp=\box76
\tcb@temp=\box77
\tcb@temp=\box78
\tcb@temp=\box79

(C:\Users\diogo\AppData\Local\Programs\MiKTeX\tex/latex/tcolorbox\tcbraster.cod
e.tex
Library (tcolorbox): 'tcbraster.code.tex' version '5.1.1'
\c@tcbrastercolumn=\count328
\c@tcbrasterrow=\count329
\c@tcbrasternum=\count330
\c@tcbraster=\count331
)
(C:\Users\diogo\AppData\Local\Programs\MiKTeX\tex/latex/tcolorbox\tcbskins.code
.tex
Library (tcolorbox): 'tcbskins.code.tex' version '5.1.1'
\tcb@waterbox=\box80

(C:\Users\diogo\AppData\Local\Programs\MiKTeX\tex/latex/tcolorbox\tcbskinsjigsa
w.code.tex
Library (tcolorbox): 'tcbskinsjigsaw.code.tex' version '5.1.1'
))
(C:\Users\diogo\AppData\Local\Programs\MiKTeX\tex/latex/tcolorbox\tcbbreakable.
code.tex
Library (tcolorbox): 'tcbbreakable.code.tex' version '5.1.1'
(C:\Users\diogo\AppData\Local\Programs\MiKTeX\tex/latex/pdfcol\pdfcol.sty
Package: pdfcol 2022-09-21 v1.7 Handle new color stacks for pdfTeX (HO)
)
Package pdfcol Info: New color stack `tcb@breakable' = 1 on input line 23.
\tcb@testbox=\box81
\tcb@totalupperbox=\box82
\tcb@totallowerbox=\box83
)
(C:\Users\diogo\AppData\Local\Programs\MiKTeX\tex/latex/tcolorbox\tcbhooks.code
.tex
Library (tcolorbox): 'tcbhooks.code.tex' version '5.1.1'
)
(C:\Users\diogo\AppData\Local\Programs\MiKTeX\tex/latex/tcolorbox\tcbtheorems.c
ode.tex
Library (tcolorbox): 'tcbtheorems.code.tex' version '5.1.1'
(C:\Users\diogo\AppData\Local\Programs\MiKTeX\tex/latex/amsmath\amsmath.sty
Package: amsmath 2022/04/08 v2.17n AMS math features
\@mathmargin=\skip54

For additional information on amsmath, use the `?' option.
(C:\Users\diogo\AppData\Local\Programs\MiKTeX\tex/latex/amsmath\amstext.sty
Package: amstext 2021/08/26 v2.01 AMS text

(C:\Users\diogo\AppData\Local\Programs\MiKTeX\tex/latex/amsmath\amsgen.sty
File: amsgen.sty 1999/11/30 v2.0 generic functions
\@emptytoks=\toks50
\ex@=\dimen328
))
(C:\Users\diogo\AppData\Local\Programs\MiKTeX\tex/latex/amsmath\amsbsy.sty
Package: amsbsy 1999/11/29 v1.2d Bold Symbols
\pmbraise@=\dimen329
)
(C:\Users\diogo\AppData\Local\Programs\MiKTeX\tex/latex/amsmath\amsopn.sty
Package: amsopn 2022/04/08 v2.04 operator names
)
\inf@bad=\count332
LaTeX Info: Redefining \frac on input line 234.
\uproot@=\count333
\leftroot@=\count334
LaTeX Info: Redefining \overline on input line 399.
LaTeX Info: Redefining \colon on input line 410.
\classnum@=\count335
\DOTSCASE@=\count336
LaTeX Info: Redefining \ldots on input line 496.
LaTeX Info: Redefining \dots on input line 499.
LaTeX Info: Redefining \cdots on input line 620.
\Mathstrutbox@=\box84
\strutbox@=\box85
LaTeX Info: Redefining \big on input line 722.
LaTeX Info: Redefining \Big on input line 723.
LaTeX Info: Redefining \bigg on input line 724.
LaTeX Info: Redefining \Bigg on input line 725.
\big@size=\dimen330
LaTeX Font Info:    Redeclaring font encoding OML on input line 743.
LaTeX Font Info:    Redeclaring font encoding OMS on input line 744.
\macc@depth=\count337
LaTeX Info: Redefining \bmod on input line 905.
LaTeX Info: Redefining \pmod on input line 910.
LaTeX Info: Redefining \smash on input line 940.
LaTeX Info: Redefining \relbar on input line 970.
LaTeX Info: Redefining \Relbar on input line 971.
\c@MaxMatrixCols=\count338
\dotsspace@=\muskip17
\c@parentequation=\count339
\dspbrk@lvl=\count340
\tag@help=\toks51
\row@=\count341
\column@=\count342
\maxfields@=\count343
\andhelp@=\toks52
\eqnshift@=\dimen331
\alignsep@=\dimen332
\tagshift@=\dimen333
\tagwidth@=\dimen334
\totwidth@=\dimen335
\lineht@=\dimen336
\@envbody=\toks53
\multlinegap=\skip55
\multlinetaggap=\skip56
\mathdisplay@stack=\toks54
LaTeX Info: Redefining \[ on input line 2953.
LaTeX Info: Redefining \] on input line 2954.
))
(C:\Users\diogo\AppData\Local\Programs\MiKTeX\tex/latex/tcolorbox\tcbfitting.co
de.tex
Library (tcolorbox): 'tcbfitting.code.tex' version '5.1.1'
\tcbfitdim=\dimen337
\tcb@lowerfitdim=\dimen338
\tcb@upperfitdim=\dimen339
\tcb@cur@hbadness=\count344
)) (C:\Users\diogo\AppData\Local\Programs\MiKTeX\tex/latex/base\makeidx.sty
Package: makeidx 2021/10/04 v1.0m Standard LaTeX package
)
\pn=\count345
)
(C:\Users\diogo\AppData\Local\Programs\MiKTeX\tex/latex/caption\subcaption.sty
Package: subcaption 2022/01/07 v1.5 Sub-captions (AR)

(C:\Users\diogo\AppData\Local\Programs\MiKTeX\tex/latex/caption\caption.sty
Package: caption 2022/03/01 v3.6b Customizing captions (AR)

(C:\Users\diogo\AppData\Local\Programs\MiKTeX\tex/latex/caption\caption3.sty
Package: caption3 2022/03/17 v2.3b caption3 kernel (AR)
\caption@tempdima=\dimen340
\captionmargin=\dimen341
\caption@leftmargin=\dimen342
\caption@rightmargin=\dimen343
\caption@width=\dimen344
\caption@indent=\dimen345
\caption@parindent=\dimen346
\caption@hangindent=\dimen347
Package caption Info: Standard document class detected.
)
\c@caption@flags=\count346
\c@continuedfloat=\count347
Package caption Info: hyperref package is loaded.
Package caption Info: listings package is loaded.
)
\c@subfigure=\count348
\c@subtable=\count349
)
(C:\Users\diogo\AppData\Local\Programs\MiKTeX\tex/latex/adjustbox\adjustbox.sty
Package: adjustbox 2022/10/17 v1.3a Adjusting TeX boxes (trim, clip, ...)
(C:\Users\diogo\AppData\Local\Programs\MiKTeX\tex/latex/adjustbox\adjcalc.sty
Package: adjcalc 2012/05/16 v1.1 Provides advanced setlength with multiple back
-ends (calc, etex, pgfmath)
)
(C:\Users\diogo\AppData\Local\Programs\MiKTeX\tex/latex/adjustbox\trimclip.sty
Package: trimclip 2020/08/19 v1.2 Trim and clip general TeX material

(C:\Users\diogo\AppData\Local\Programs\MiKTeX\tex/latex/collectbox\collectbox.s
ty
Package: collectbox 2022/10/17 v0.4c Collect macro arguments as boxes
\collectedbox=\box86
)
\tc@llx=\dimen348
\tc@lly=\dimen349
\tc@urx=\dimen350
\tc@ury=\dimen351
Package trimclip Info: Using driver 'tc-pdftex.def'.

(C:\Users\diogo\AppData\Local\Programs\MiKTeX\tex/latex/adjustbox\tc-pdftex.def
File: tc-pdftex.def 2019/01/04 v2.2 Clipping driver for pdftex
))
\adjbox@Width=\dimen352
\adjbox@Height=\dimen353
\adjbox@Depth=\dimen354
\adjbox@Totalheight=\dimen355
\adjbox@pwidth=\dimen356
\adjbox@pheight=\dimen357
\adjbox@pdepth=\dimen358
\adjbox@ptotalheight=\dimen359

(C:\Users\diogo\AppData\Local\Programs\MiKTeX\tex/latex/ifoddpage\ifoddpage.sty
Package: ifoddpage 2022/10/18 v1.2 Conditionals for odd/even page detection
\c@checkoddpage=\count350
) (C:\Users\diogo\AppData\Local\Programs\MiKTeX\tex/latex/varwidth\varwidth.sty
Package: varwidth 2009/03/30 ver 0.92;  Variable-width minipages
\@vwid@box=\box87
\sift@deathcycles=\count351
\@vwid@loff=\dimen360
\@vwid@roff=\dimen361
)) (C:\Users\diogo\AppData\Local\Programs\MiKTeX\tex/latex/parskip\parskip.sty
Package: parskip 2021-03-14 v2.0h non-zero parskip adjustments
) (C:\Users\diogo\AppData\Local\Programs\MiKTeX\tex/latex/amsfonts\amssymb.sty
Package: amssymb 2013/01/14 v3.01 AMS font symbols

(C:\Users\diogo\AppData\Local\Programs\MiKTeX\tex/latex/amsfonts\amsfonts.sty
Package: amsfonts 2013/01/14 v3.01 Basic AMSFonts support
\symAMSa=\mathgroup6
\symAMSb=\mathgroup7
LaTeX Font Info:    Overwriting math alphabet `\mathfrak' in version `bold'
(Font)                  U/euf/m/n --> U/euf/b/n on input line 106.
)) (C:\Users\diogo\AppData\Local\Programs\MiKTeX\tex/latex/stmaryrd\stmaryrd.st
y
Package: stmaryrd 1994/03/03 St Mary's Road symbol package
\symstmry=\mathgroup8
LaTeX Font Info:    Overwriting symbol font `stmry' in version `bold'
(Font)                  U/stmry/m/n --> U/stmry/b/n on input line 89.
)
(C:\Users\diogo\AppData\Local\Programs\MiKTeX\tex/latex/polytable\polytable.sty
Package: polytable 2020/07/14 v0.8.6 `polytable' package (Andres Loeh)
(C:\Users\diogo\AppData\Local\Programs\MiKTeX\tex/latex/lazylist\lazylist.sty)
\PT@colwidth=\dimen362
\PT@cols=\count352
\PT@table=\count353
\PT@toks=\toks55
\PT@in=\read7
\PT@out=\write6
)
\blanklineskip=\skip57
(C:\Users\diogo\AppData\Local\Programs\MiKTeX\tex/latex/tools\calc.sty
Package: calc 2017/05/25 v4.3 Infix arithmetic (KKT,FJ)
\calc@Acount=\count354
\calc@Bcount=\count355
\calc@Adimen=\dimen363
\calc@Bdimen=\dimen364
\calc@Askip=\skip58
\calc@Bskip=\skip59
LaTeX Info: Redefining \setlength on input line 80.
LaTeX Info: Redefining \addtolength on input line 81.
\calc@Ccount=\count356
\calc@Cskip=\skip60
)
\@indexfile=\write7
\openout7 = `cp2223t.idx'.


Writing index file cp2223t.idx
LaTeX Font Info:    Trying to load font information for OT1+FiraSans-LF on inpu
t line 294.
(C:\Users\diogo\AppData\Local\Programs\MiKTeX\tex/latex/fira\ot1firasans-lf.fd
File: OT1FiraSans-LF.fd 2019/10/10 (autoinst) Font definitions for OT1/FiraSans
-LF.
)
LaTeX Font Info:    Font shape `OT1/FiraSans-LF/sl/n' in size <10> not availabl
e
(Font)              Font shape `OT1/FiraSans-LF/book/n' tried instead on input 
line 294.
LaTeX Font Info:    Font shape `OT1/FiraSans-LF/book/n' will be
(Font)              scaled to size 10.0pt on input line 294.

(C:\Users\diogo\AppData\Local\Programs\MiKTeX\tex/latex/l3backend\l3backend-pdf
tex.def
File: l3backend-pdftex.def 2022-10-26 L3 backend support: PDF output (pdfTeX)
\l__color_backend_stack_int=\count357
\l__pdf_internal_box=\box88
) (cp2223t.aux)
\openout1 = `cp2223t.aux'.

LaTeX Font Info:    Checking defaults for OML/cmm/m/it on input line 294.
LaTeX Font Info:    ... okay on input line 294.
LaTeX Font Info:    Checking defaults for OMS/cmsy/m/n on input line 294.
LaTeX Font Info:    ... okay on input line 294.
LaTeX Font Info:    Checking defaults for OT1/cmr/m/n on input line 294.
LaTeX Font Info:    ... okay on input line 294.
LaTeX Font Info:    Checking defaults for T1/cmr/m/n on input line 294.
LaTeX Font Info:    ... okay on input line 294.
LaTeX Font Info:    Checking defaults for TS1/cmr/m/n on input line 294.
LaTeX Font Info:    ... okay on input line 294.
LaTeX Font Info:    Checking defaults for OMX/cmex/m/n on input line 294.
LaTeX Font Info:    ... okay on input line 294.
LaTeX Font Info:    Checking defaults for U/cmr/m/n on input line 294.
LaTeX Font Info:    ... okay on input line 294.
LaTeX Font Info:    Checking defaults for PD1/pdf/m/n on input line 294.
LaTeX Font Info:    ... okay on input line 294.
LaTeX Font Info:    Checking defaults for PU/pdf/m/n on input line 294.
LaTeX Font Info:    ... okay on input line 294.

*geometry* driver: auto-detecting
*geometry* detected driver: pdftex
*geometry* verbose mode - [ preamble ] result:
* driver: pdftex
* paper: a4paper
* layout: <same size as paper>
* layoutoffset:(h,v)=(0.0pt,0.0pt)
* modes: 
* h-part:(L,W,R)=(85.35826pt, 455.24411pt, 56.9055pt)
* v-part:(T,H,B)=(71.13188pt, 702.78308pt, 71.13188pt)
* \paperwidth=597.50787pt
* \paperheight=845.04684pt
* \textwidth=455.24411pt
* \textheight=702.78308pt
* \oddsidemargin=13.08827pt
* \evensidemargin=13.08827pt
* \topmargin=-38.1381pt
* \headheight=12.0pt
* \headsep=25.0pt
* \topskip=10.0pt
* \footskip=30.0pt
* \marginparwidth=57.0pt
* \marginparsep=11.0pt
* \columnsep=10.0pt
* \skip\footins=9.0pt plus 4.0pt minus 2.0pt
* \hoffset=0.0pt
* \voffset=0.0pt
* \mag=1000
* \@twocolumnfalse
* \@twosidefalse
* \@mparswitchfalse
* \@reversemarginfalse
* (1in=72.27pt=25.4mm, 1cm=28.453pt)

\c@mv@tabular=\count358
\c@mv@boldtabular=\count359
Package hyperref Info: Link coloring ON on input line 294.
(cp2223t.out) (cp2223t.out)
\@outlinefile=\write8
\openout8 = `cp2223t.out'.


(C:\Users\diogo\AppData\Local\Programs\MiKTeX\tex/context/base/mkii\supp-pdf.mk
ii
[Loading MPS to PDF converter (version 2006.09.02).]
\scratchcounter=\count360
\scratchdimen=\dimen365
\scratchbox=\box89
\nofMPsegments=\count361
\nofMParguments=\count362
\everyMPshowfont=\toks56
\MPscratchCnt=\count363
\MPscratchDim=\dimen366
\MPnumerator=\count364
\makeMPintoPDFobject=\count365
\everyMPtoPDFconversion=\toks57
)
(C:\Users\diogo\AppData\Local\Programs\MiKTeX\tex/latex/epstopdf-pkg\epstopdf-b
ase.sty
Package: epstopdf-base 2020-01-24 v2.11 Base part for package epstopdf
Package epstopdf-base Info: Redefining graphics rule for `.eps' on input line 4
85.

(C:\Users\diogo\AppData\Local\Programs\MiKTeX\tex/latex/00miktex\epstopdf-sys.c
fg
File: epstopdf-sys.cfg 2021/03/18 v2.0 Configuration of epstopdf for MiKTeX
))
LaTeX Font Info:    Trying to load font information for OT1+ztmcm on input line
 294.
 (C:\Users\diogo\AppData\Local\Programs\MiKTeX\tex/latex/psnfss\ot1ztmcm.fd
File: ot1ztmcm.fd 2000/01/03 Fontinst v1.801 font definitions for OT1/ztmcm.
)
LaTeX Font Info:    Trying to load font information for OML+ztmcm on input line
 294.
 (C:\Users\diogo\AppData\Local\Programs\MiKTeX\tex/latex/psnfss\omlztmcm.fd
File: omlztmcm.fd 2000/01/03 Fontinst v1.801 font definitions for OML/ztmcm.
)
LaTeX Font Info:    Trying to load font information for OMS+ztmcm on input line
 294.

(C:\Users\diogo\AppData\Local\Programs\MiKTeX\tex/latex/psnfss\omsztmcm.fd
File: omsztmcm.fd 2000/01/03 Fontinst v1.801 font definitions for OMS/ztmcm.
)
LaTeX Font Info:    Trying to load font information for OMX+ztmcm on input line
 294.

(C:\Users\diogo\AppData\Local\Programs\MiKTeX\tex/latex/psnfss\omxztmcm.fd
File: omxztmcm.fd 2000/01/03 Fontinst v1.801 font definitions for OMX/ztmcm.
)
LaTeX Font Info:    Trying to load font information for OT1+ptm on input line 2
94.

(C:\Users\diogo\AppData\Local\Programs\MiKTeX\tex/latex/psnfss\ot1ptm.fd
File: ot1ptm.fd 2001/06/04 font definitions for OT1/ptm.
)
LaTeX Font Info:    Font shape `OT1/ptm/bx/n' in size <10> not available
(Font)              Font shape `OT1/ptm/b/n' tried instead on input line 294.
LaTeX Font Info:    Font shape `OT1/ptm/bx/n' in size <7.4> not available
(Font)              Font shape `OT1/ptm/b/n' tried instead on input line 294.
LaTeX Font Info:    Font shape `OT1/ptm/bx/n' in size <6> not available
(Font)              Font shape `OT1/ptm/b/n' tried instead on input line 294.
LaTeX Font Info:    Trying to load font information for U+stmry on input line 2
94.

(C:\Users\diogo\AppData\Local\Programs\MiKTeX\tex/latex/stmaryrd\ustmry.fd)
Package xypdf Info: Line width: 0.3999pt on input line 294.
\c@lstlisting=\count366
Package caption Info: Begin \AtBeginDocument code.
Package caption Info: End \AtBeginDocument code.
LaTeX Font Info:    Font shape `OT1/FiraSans-LF/sl/n' in size <17.28> not avail
able
(Font)              Font shape `OT1/FiraSans-LF/book/n' tried instead on input 
line 299.
LaTeX Font Info:    Font shape `OT1/FiraSans-LF/book/n' will be
(Font)              scaled to size 17.28pt on input line 299.
LaTeX Font Info:    Font shape `OT1/FiraSans-LF/b/n' in size <17.28> not availa
ble
(Font)              Font shape `OT1/FiraSans-LF/bold/n' tried instead on input 
line 299.
LaTeX Font Info:    Font shape `OT1/FiraSans-LF/bold/n' will be
(Font)              scaled to size 17.28pt on input line 299.
LaTeX Font Info:    Font shape `OT1/FiraSans-LF/sl/n' in size <12> not availabl
e
(Font)              Font shape `OT1/FiraSans-LF/book/n' tried instead on input 
line 299.
LaTeX Font Info:    Font shape `OT1/FiraSans-LF/book/n' will be
(Font)              scaled to size 12.0pt on input line 299.
LaTeX Font Info:    Font shape `OT1/ptm/bx/n' in size <12> not available
(Font)              Font shape `OT1/ptm/b/n' tried instead on input line 299.
LaTeX Font Info:    Font shape `OT1/ptm/bx/n' in size <9> not available
(Font)              Font shape `OT1/ptm/b/n' tried instead on input line 299.
LaTeX Font Info:    Font shape `OT1/ptm/bx/n' in size <7> not available
(Font)              Font shape `OT1/ptm/b/n' tried instead on input line 299.
LaTeX Font Info:    Font shape `OT1/FiraSans-LF/sl/sl' in size <12> not availab
le
(Font)              Font shape `OT1/FiraSans-LF/book/sl' tried instead on input
 line 299.
LaTeX Font Info:    Font shape `OT1/FiraSans-LF/book/sl' in size <12> not avail
able
(Font)              Font shape `OT1/FiraSans-LF/book/it' tried instead on input
 line 299.
LaTeX Font Info:    Font shape `OT1/FiraSans-LF/book/it' will be
(Font)              scaled to size 12.0pt on input line 299.
LaTeX Font Info:    Font shape `OT1/FiraSans-LF/sl/n' in size <14.4> not availa
ble
(Font)              Font shape `OT1/FiraSans-LF/book/n' tried instead on input 
line 311.
LaTeX Font Info:    Font shape `OT1/FiraSans-LF/book/n' will be
(Font)              scaled to size 14.4pt on input line 311.
LaTeX Font Info:    Font shape `OT1/FiraSans-LF/b/n' in size <14.4> not availab
le
(Font)              Font shape `OT1/FiraSans-LF/bold/n' tried instead on input 
line 311.
LaTeX Font Info:    Font shape `OT1/FiraSans-LF/bold/n' will be
(Font)              scaled to size 14.4pt on input line 311.
LaTeX Font Info:    Font shape `OT1/FiraSans-LF/sl/it' in size <10> not availab
le
(Font)              Font shape `OT1/FiraSans-LF/book/it' tried instead on input
 line 315.
LaTeX Font Info:    Font shape `OT1/FiraSans-LF/book/it' will be
(Font)              scaled to size 10.0pt on input line 315.
\openout6 = `cp2223t.ptb'.

\openout6 = `cp2223t.ptb'.

\openout6 = `cp2223t.ptb'.

\openout6 = `cp2223t.ptb'.


[1

{C:/Users/diogo/AppData/Local/MiKTeX/fonts/map/pdftex/pdftex.map}]
LaTeX Font Info:    Font shape `OT1/FiraSans-LF/b/n' in size <10> not available

(Font)              Font shape `OT1/FiraSans-LF/bold/n' tried instead on input 
line 379.
LaTeX Font Info:    Font shape `OT1/FiraSans-LF/bold/n' will be
(Font)              scaled to size 10.0pt on input line 379.
LaTeX Font Info:    Font shape `OT1/FiraSans-LF/sl/sl' in size <10> not availab
le
(Font)              Font shape `OT1/FiraSans-LF/book/sl' tried instead on input
 line 384.
LaTeX Font Info:    Font shape `OT1/FiraSans-LF/book/sl' in size <10> not avail
able
(Font)              Font shape `OT1/FiraSans-LF/book/it' tried instead on input
 line 384.
LaTeX Font Info:    Font shape `OT1/FiraSans-LF/book/it' will be
(Font)              scaled to size 10.0pt on input line 384.
\openout6 = `cp2223t.ptb'.

LaTeX Font Info:    Font shape `OT1/FiraSans-LF/sl/n' in size <7.4> not availab
le
(Font)              Font shape `OT1/FiraSans-LF/book/n' tried instead on input 
line 414.
LaTeX Font Info:    Font shape `OT1/FiraSans-LF/book/n' will be
(Font)              scaled to size 7.4pt on input line 414.
LaTeX Font Info:    Font shape `OT1/FiraSans-LF/sl/n' in size <6> not available

(Font)              Font shape `OT1/FiraSans-LF/book/n' tried instead on input 
line 414.
LaTeX Font Info:    Font shape `OT1/FiraSans-LF/book/n' will be
(Font)              scaled to size 6.0pt on input line 414.
LaTeX Font Info:    Font shape `OT1/FiraSans-LF/sl/n' in size <8> not available

(Font)              Font shape `OT1/FiraSans-LF/book/n' tried instead on input 
line 416.
LaTeX Font Info:    Font shape `OT1/FiraSans-LF/book/n' will be
(Font)              scaled to size 8.0pt on input line 416.
LaTeX Font Info:    Font shape `OT1/ptm/bx/n' in size <8> not available
(Font)              Font shape `OT1/ptm/b/n' tried instead on input line 416.
LaTeX Font Info:    Font shape `OT1/ptm/bx/n' in size <5> not available
(Font)              Font shape `OT1/ptm/b/n' tried instead on input line 416.
LaTeX Font Info:    Font shape `OT1/FiraSans-LF/sl/it' in size <8> not availabl
e
(Font)              Font shape `OT1/FiraSans-LF/book/it' tried instead on input
 line 416.
LaTeX Font Info:    Font shape `OT1/FiraSans-LF/book/it' will be
(Font)              scaled to size 8.0pt on input line 416.
\openout6 = `cp2223t.ptb'.

LaTeX Font Info:    Font shape `OT1/FiraSans-LF/sl/it' in size <5> not availabl
e
(Font)              Font shape `OT1/FiraSans-LF/book/it' tried instead on input
 line 433.
LaTeX Font Info:    Font shape `OT1/FiraSans-LF/book/it' will be
(Font)              scaled to size 5.0pt on input line 433.
 <xymatrix
3x2

LaTeX Font Warning: Command \tiny invalid in math mode on input line 440.

LaTeX Font Info:    Font shape `OT1/FiraSans-LF/sl/n' in size <5> not available

(Font)              Font shape `OT1/FiraSans-LF/book/n' tried instead on input 
line 440.
LaTeX Font Info:    Font shape `OT1/FiraSans-LF/book/n' will be
(Font)              scaled to size 5.0pt on input line 440.
281>
LaTeX Font Info:    Font shape `OT1/FiraSans-LF/b/n' in size <8> not available
(Font)              Font shape `OT1/FiraSans-LF/bold/n' tried instead on input 
line 477.
LaTeX Font Info:    Font shape `OT1/FiraSans-LF/bold/n' will be
(Font)              scaled to size 8.0pt on input line 477.
\openout6 = `cp2223t.ptb'.

LaTeX Font Info:    Font shape `OT1/FiraSans-LF/sl/n' in size <9> not available

(Font)              Font shape `OT1/FiraSans-LF/book/n' tried instead on input 
line 492.
LaTeX Font Info:    Font shape `OT1/FiraSans-LF/book/n' will be
(Font)              scaled to size 9.0pt on input line 492.
 [2]
<cp2223t_media/tapete1.png, id=120, 486.81876pt x 486.81876pt>
File: cp2223t_media/tapete1.png Graphic file (type png)
<use cp2223t_media/tapete1.png>
Package pdftex.def Info: cp2223t_media/tapete1.png  used on input line 537.
(pdftex.def)             Requested size: 86.49748pt x 86.49449pt.
<cp2223t_media/tapete2.png, id=122, 486.81876pt x 486.81876pt>
File: cp2223t_media/tapete2.png Graphic file (type png)
<use cp2223t_media/tapete2.png>
Package pdftex.def Info: cp2223t_media/tapete2.png  used on input line 538.
(pdftex.def)             Requested size: 86.49748pt x 86.49449pt.
<cp2223t_media/tapete3.png, id=123, 486.81876pt x 486.81876pt>
File: cp2223t_media/tapete3.png Graphic file (type png)
<use cp2223t_media/tapete3.png>
Package pdftex.def Info: cp2223t_media/tapete3.png  used on input line 539.
(pdftex.def)             Requested size: 86.49748pt x 86.49449pt.
<cp2223t_media/tapete4.png, id=124, 486.81876pt x 486.81876pt>
File: cp2223t_media/tapete4.png Graphic file (type png)
<use cp2223t_media/tapete4.png>
Package pdftex.def Info: cp2223t_media/tapete4.png  used on input line 540.
(pdftex.def)             Requested size: 86.49748pt x 86.49449pt.
<cp2223t_media/tapete5.png, id=125, 486.81876pt x 486.81876pt>
File: cp2223t_media/tapete5.png Graphic file (type png)
<use cp2223t_media/tapete5.png>
Package pdftex.def Info: cp2223t_media/tapete5.png  used on input line 541.
(pdftex.def)             Requested size: 86.49748pt x 86.49449pt.
 [3 <./cp2223t_media/tapete1.png> <./cp2223t_media/tapete2.png> <./cp2223t_medi
a/tapete3.png> <./cp2223t_media/tapete4.png> <./cp2223t_media/tapete5.png>]
<cp2223t_media/tapete_ex.png, id=139, 819.06pt x 819.06pt>
File: cp2223t_media/tapete_ex.png Graphic file (type png)
<use cp2223t_media/tapete_ex.png>
Package pdftex.def Info: cp2223t_media/tapete_ex.png  used on input line 552.
(pdftex.def)             Requested size: 159.33821pt x 159.33487pt.
\openout6 = `cp2223t.ptb'.

 [4 <./cp2223t_media/tapete_ex.png>]
\openout6 = `cp2223t.ptb'.

\openout6 = `cp2223t.ptb'.

\openout6 = `cp2223t.ptb'.

\openout6 = `cp2223t.ptb'.

\openout6 = `cp2223t.ptb'.

 [5]
LaTeX Font Info:    Font shape `OT1/FiraSans-LF/b/n' in size <12> not available

(Font)              Font shape `OT1/FiraSans-LF/bold/n' tried instead on input 
line 695.
LaTeX Font Info:    Font shape `OT1/FiraSans-LF/bold/n' will be
(Font)              scaled to size 12.0pt on input line 695.
\openout6 = `cp2223t.ptb'.

LaTeX Font Info:    Trying to load font information for TS1+FiraSans-LF on inpu
t line 747.

(C:\Users\diogo\AppData\Local\Programs\MiKTeX\tex/latex/fira\ts1firasans-lf.fd
File: TS1FiraSans-LF.fd 2019/10/10 (autoinst) Font definitions for TS1/FiraSans
-LF.
)
LaTeX Font Info:    Font shape `TS1/FiraSans-LF/sl/n' in size <10> not availabl
e
(Font)              Font shape `TS1/FiraSans-LF/book/n' tried instead on input 
line 747.
LaTeX Font Info:    Font shape `TS1/FiraSans-LF/book/n' will be
(Font)              scaled to size 10.0pt on input line 747.
<cp2223t_media/wcup2022.png, id=172, 2454.16875pt x 1385.175pt>
File: cp2223t_media/wcup2022.png Graphic file (type png)
<use cp2223t_media/wcup2022.png>
Package pdftex.def Info: cp2223t_media/wcup2022.png  used on input line 754.
(pdftex.def)             Requested size: 306.77034pt x 173.14645pt.
[6]
\openout6 = `cp2223t.ptb'.

\openout6 = `cp2223t.ptb'.

\openout6 = `cp2223t.ptb'.

LaTeX Font Info:    Font shape `OT1/FiraSans-LF/sl/sl' in size <7.4> not availa
ble
(Font)              Font shape `OT1/FiraSans-LF/book/sl' tried instead on input
 line 807.
LaTeX Font Info:    Font shape `OT1/FiraSans-LF/book/sl' in size <7.4> not avai
lable
(Font)              Font shape `OT1/FiraSans-LF/book/it' tried instead on input
 line 807.
LaTeX Font Info:    Font shape `OT1/FiraSans-LF/book/it' will be
(Font)              scaled to size 7.4pt on input line 807.
LaTeX Font Info:    Font shape `OT1/FiraSans-LF/sl/sl' in size <6> not availabl
e
(Font)              Font shape `OT1/FiraSans-LF/book/sl' tried instead on input
 line 807.
LaTeX Font Info:    Font shape `OT1/FiraSans-LF/book/sl' in size <6> not availa
ble
(Font)              Font shape `OT1/FiraSans-LF/book/it' tried instead on input
 line 807.
LaTeX Font Info:    Font shape `OT1/FiraSans-LF/book/it' will be
(Font)              scaled to size 6.0pt on input line 807.
\openout6 = `cp2223t.ptb'.

\openout6 = `cp2223t.ptb'.

\openout6 = `cp2223t.ptb'.

\openout6 = `cp2223t.ptb'.

\openout6 = `cp2223t.ptb'.

\openout6 = `cp2223t.ptb'.

 [7 <./cp2223t_media/wcup2022.png>]
\openout6 = `cp2223t.ptb'.

\openout6 = `cp2223t.ptb'.

\openout6 = `cp2223t.ptb'.

 [8]
\openout6 = `cp2223t.ptb'.

\openout6 = `cp2223t.ptb'.

LaTeX Font Info:    Font shape `OT1/FiraSans-LF/sl/n' in size <20.74> not avail
able
(Font)              Font shape `OT1/FiraSans-LF/book/n' tried instead on input 
line 972.
LaTeX Font Info:    Font shape `OT1/FiraSans-LF/book/n' will be
(Font)              scaled to size 20.74pt on input line 972.
LaTeX Font Info:    Font shape `OT1/FiraSans-LF/b/n' in size <20.74> not availa
ble
(Font)              Font shape `OT1/FiraSans-LF/bold/n' tried instead on input 
line 972.
LaTeX Font Info:    Font shape `OT1/FiraSans-LF/bold/n' will be
(Font)              scaled to size 20.74pt on input line 972.


LaTeX Warning: Citation `Kn92' on page 9 undefined on input line 980.

[9]

LaTeX Warning: Citation `Ol18' on page 10 undefined on input line 1047.

<xymatrix 2x2 191>
LaTeX Font Info:    Font shape `OT1/ptm/bx/n' in size <14.4> not available
(Font)              Font shape `OT1/ptm/b/n' tried instead on input line 1080.
LaTeX Font Info:    Font shape `OT1/ptm/bx/n' in size <10.95> not available
(Font)              Font shape `OT1/ptm/b/n' tried instead on input line 1080.


Package hyperref Warning: Token not allowed in a PDF string (Unicode):
(hyperref)                removing `subscript' on input line 1080.


LaTeX Warning: Citation `Ol18' on page 10 undefined on input line 1084.

\openout6 = `cp2223t.ptb'.

[10]
\openout6 = `cp2223t.ptb'.



LaTeX Warning: Citation `Ol18' on page 11 undefined on input line 1135.

\openout6 = `cp2223t.ptb'.

\openout6 = `cp2223t.ptb'.

\openout6 = `cp2223t.ptb'.

[11]
\openout6 = `cp2223t.ptb'.

\openout6 = `cp2223t.ptb'.



LaTeX Warning: Citation `EK06' on page 12 undefined on input line 1230.

\openout6 = `cp2223t.ptb'.

\openout6 = `cp2223t.ptb'.

\openout6 = `cp2223t.ptb'.

\openout6 = `cp2223t.ptb'.

[12]
\openout6 = `cp2223t.ptb'.

\openout6 = `cp2223t.ptb'.

\openout6 = `cp2223t.ptb'.

\openout6 = `cp2223t.ptb'.

\openout6 = `cp2223t.ptb'.

\openout6 = `cp2223t.ptb'.

\openout6 = `cp2223t.ptb'.

 [13]
\openout6 = `cp2223t.ptb'.

\openout6 = `cp2223t.ptb'.

\openout6 = `cp2223t.ptb'.

\openout6 = `cp2223t.ptb'.

\openout6 = `cp2223t.ptb'.

\openout6 = `cp2223t.ptb'.

\openout6 = `cp2223t.ptb'.

\openout6 = `cp2223t.ptb'.

\openout6 = `cp2223t.ptb'.

 [14]
\openout6 = `cp2223t.ptb'.



Package hyperref Warning: Difference (2) between bookmark levels is greater 
(hyperref)                than one, level fixed on input line 1618.


Underfull \hbox (badness 10000) in paragraph at lines 1620--1628

 []

<xymatrix 2x2 237> [15]
\openout6 = `cp2223t.ptb'.



! LaTeX Error: Bad math environment delimiter.

See the LaTeX manual or LaTeX Companion for explanation.
Type  H <return>  for immediate help.
 ...                                              
                                                  
l.1761 \end{hscode}
                   \resethooks
? 
! Missing } inserted.
<inserted text> 
                }
l.1761 \end{hscode}
                   \resethooks
? 
! Missing $ inserted.
<inserted text> 
                $
l.1761 \end{hscode}
                   \resethooks
? 
! Extra }, or forgotten \endgroup.
<recently read> }
                 
l.1761 \end{hscode}
                   \resethooks
? 

! LaTeX Error: Bad math environment delimiter.

See the LaTeX manual or LaTeX Companion for explanation.
Type  H <return>  for immediate help.
 ...                                              
                                                  
l.1761 \end{hscode}
                   \resethooks
? 
! Missing } inserted.
<inserted text> 
                }
l.1761 \end{hscode}
                   \resethooks
? 
! Missing $ inserted.
<inserted text> 
                $
l.1761 \end{hscode}
                   \resethooks
? 
! Extra }, or forgotten \endgroup.
<recently read> }
                 
l.1761 \end{hscode}
                   \resethooks
? 

! LaTeX Error: Bad math environment delimiter.

See the LaTeX manual or LaTeX Companion for explanation.
Type  H <return>  for immediate help.
 ...                                              
                                                  
l.1761 \end{hscode}
                   \resethooks
? 
! Missing } inserted.
<inserted text> 
                }
l.1761 \end{hscode}
                   \resethooks
? 
! Missing $ inserted.
<inserted text> 
                $
l.1761 \end{hscode}
                   \resethooks
? 
! Extra }, or forgotten \endgroup.
<recently read> }
                 
l.1761 \end{hscode}
                   \resethooks
? 

! LaTeX Error: Bad math environment delimiter.

See the LaTeX manual or LaTeX Companion for explanation.
Type  H <return>  for immediate help.
 ...                                              
                                                  
l.1761 \end{hscode}
                   \resethooks
? 
! Missing } inserted.
<inserted text> 
                }
l.1761 \end{hscode}
                   \resethooks
? 
! Missing $ inserted.
<inserted text> 
                $
l.1761 \end{hscode}
                   \resethooks
? 
! Extra }, or forgotten \endgroup.
<recently read> }
                 
l.1761 \end{hscode}
                   \resethooks
? 
LaTeX Font Info:    Trying to load font information for OML+FiraSans-LF on inpu
t line 1761.
LaTeX Font Info:    No file OMLFiraSans-LF.fd. on input line 1761.

LaTeX Font Warning: Font shape `OML/FiraSans-LF/sl/n' undefined
(Font)              using `OML/cmm/m/it' instead
(Font)              for symbol `textless' on input line 1761.


! LaTeX Error: Bad math environment delimiter.

See the LaTeX manual or LaTeX Companion for explanation.
Type  H <return>  for immediate help.
 ...                                              
                                                  
l.1761 \end{hscode}
                   \resethooks
? 
! Missing } inserted.
<inserted text> 
                }
l.1761 \end{hscode}
                   \resethooks
? 
! Missing $ inserted.
<inserted text> 
                $
l.1761 \end{hscode}
                   \resethooks
? 
! Extra }, or forgotten \endgroup.
<recently read> }
                 
l.1761 \end{hscode}
                   \resethooks
? 

! LaTeX Error: Bad math environment delimiter.

See the LaTeX manual or LaTeX Companion for explanation.
Type  H <return>  for immediate help.
 ...                                              
                                                  
l.1761 \end{hscode}
                   \resethooks
? 
! Missing } inserted.
<inserted text> 
                }
l.1761 \end{hscode}
                   \resethooks
? 
! Missing $ inserted.
<inserted text> 
                $
l.1761 \end{hscode}
                   \resethooks
? 
! Extra }, or forgotten \endgroup.
<recently read> }
                 
l.1761 \end{hscode}
                   \resethooks
? 

! LaTeX Error: Bad math environment delimiter.

See the LaTeX manual or LaTeX Companion for explanation.
Type  H <return>  for immediate help.
 ...                                              
                                                  
l.1761 \end{hscode}
                   \resethooks
? 
! Missing } inserted.
<inserted text> 
                }
l.1761 \end{hscode}
                   \resethooks
? 
! Missing $ inserted.
<inserted text> 
                $
l.1761 \end{hscode}
                   \resethooks
? 
! Extra }, or forgotten \endgroup.
<recently read> }
                 
l.1761 \end{hscode}
                   \resethooks
? 

! LaTeX Error: Bad math environment delimiter.

See the LaTeX manual or LaTeX Companion for explanation.
Type  H <return>  for immediate help.
 ...                                              
                                                  
l.1761 \end{hscode}
                   \resethooks
? 
! Missing } inserted.
<inserted text> 
                }
l.1761 \end{hscode}
                   \resethooks
? 
! Missing $ inserted.
<inserted text> 
                $
l.1761 \end{hscode}
                   \resethooks
? 
! Extra }, or forgotten \endgroup.
<recently read> }
                 
l.1761 \end{hscode}
                   \resethooks
? 

! LaTeX Error: Bad math environment delimiter.

See the LaTeX manual or LaTeX Companion for explanation.
Type  H <return>  for immediate help.
 ...                                              
                                                  
l.1761 \end{hscode}
                   \resethooks
? 
! Missing } inserted.
<inserted text> 
                }
l.1761 \end{hscode}
                   \resethooks
? 
! Missing $ inserted.
<inserted text> 
                $
l.1761 \end{hscode}
                   \resethooks
? 
! Extra }, or forgotten \endgroup.
<recently read> }
                 
l.1761 \end{hscode}
                   \resethooks
? 

! LaTeX Error: Bad math environment delimiter.

See the LaTeX manual or LaTeX Companion for explanation.
Type  H <return>  for immediate help.
 ...                                              
                                                  
l.1761 \end{hscode}
                   \resethooks
? 
! Missing } inserted.
<inserted text> 
                }
l.1761 \end{hscode}
                   \resethooks
? 
! Missing $ inserted.
<inserted text> 
                $
l.1761 \end{hscode}
                   \resethooks
? 
! Extra }, or forgotten \endgroup.
<recently read> }
                 
l.1761 \end{hscode}
                   \resethooks
? 

! LaTeX Error: Bad math environment delimiter.

See the LaTeX manual or LaTeX Companion for explanation.
Type  H <return>  for immediate help.
 ...                                              
                                                  
l.1761 \end{hscode}
                   \resethooks
? 
! Missing } inserted.
<inserted text> 
                }
l.1761 \end{hscode}
                   \resethooks
? 
! Missing $ inserted.
<inserted text> 
                $
l.1761 \end{hscode}
                   \resethooks
? 
! Extra }, or forgotten \endgroup.
<recently read> }
                 
l.1761 \end{hscode}
                   \resethooks
? 

! LaTeX Error: Bad math environment delimiter.

See the LaTeX manual or LaTeX Companion for explanation.
Type  H <return>  for immediate help.
 ...                                              
                                                  
l.1761 \end{hscode}
                   \resethooks
? 
! Missing } inserted.
<inserted text> 
                }
l.1761 \end{hscode}
                   \resethooks
? 
! Missing $ inserted.
<inserted text> 
                $
l.1761 \end{hscode}
                   \resethooks
? 
! Extra }, or forgotten \endgroup.
<recently read> }
                 
l.1761 \end{hscode}
                   \resethooks
? 

! LaTeX Error: Bad math environment delimiter.

See the LaTeX manual or LaTeX Companion for explanation.
Type  H <return>  for immediate help.
 ...                                              
                                                  
l.1761 \end{hscode}
                   \resethooks
? 
! Missing } inserted.
<inserted text> 
                }
l.1761 \end{hscode}
                   \resethooks
? 
! Missing $ inserted.
<inserted text> 
                $
l.1761 \end{hscode}
                   \resethooks
? 
! Extra }, or forgotten \endgroup.
<recently read> }
                 
l.1761 \end{hscode}
                   \resethooks
? 

! LaTeX Error: Bad math environment delimiter.

See the LaTeX manual or LaTeX Companion for explanation.
Type  H <return>  for immediate help.
 ...                                              
                                                  
l.1761 \end{hscode}
                   \resethooks
? 
! Missing } inserted.
<inserted text> 
                }
l.1761 \end{hscode}
                   \resethooks
? 
! Missing $ inserted.
<inserted text> 
                $
l.1761 \end{hscode}
                   \resethooks
? 
! Extra }, or forgotten \endgroup.
<recently read> }
                 
l.1761 \end{hscode}
                   \resethooks
? 

! LaTeX Error: Bad math environment delimiter.

See the LaTeX manual or LaTeX Companion for explanation.
Type  H <return>  for immediate help.
 ...                                              
                                                  
l.1761 \end{hscode}
                   \resethooks
? 
! Missing } inserted.
<inserted text> 
                }
l.1761 \end{hscode}
                   \resethooks
? 
! Missing $ inserted.
<inserted text> 
                $
l.1761 \end{hscode}
                   \resethooks
? 
! Extra }, or forgotten \endgroup.
<recently read> }
                 
l.1761 \end{hscode}
                   \resethooks
? 
[16]
Underfull \hbox (badness 10000) in paragraph at lines 1764--1769

 []

\openout6 = `cp2223t.ptb'.

[17]
\openout6 = `cp2223t.ptb'.



! LaTeX Error: Bad math environment delimiter.

See the LaTeX manual or LaTeX Companion for explanation.
Type  H <return>  for immediate help.
 ...                                              
                                                  
l.1864 \end{hscode}
                   \resethooks
? 
! Missing } inserted.
<inserted text> 
                }
l.1864 \end{hscode}
                   \resethooks
? 
! Missing $ inserted.
<inserted text> 
                $
l.1864 \end{hscode}
                   \resethooks
? 
! Extra }, or forgotten \endgroup.
<recently read> }
                 
l.1864 \end{hscode}
                   \resethooks
? 

! LaTeX Error: Bad math environment delimiter.

See the LaTeX manual or LaTeX Companion for explanation.
Type  H <return>  for immediate help.
 ...                                              
                                                  
l.1864 \end{hscode}
                   \resethooks
? 
! Missing } inserted.
<inserted text> 
                }
l.1864 \end{hscode}
                   \resethooks
? 
! Missing $ inserted.
<inserted text> 
                $
l.1864 \end{hscode}
                   \resethooks
? 
! Extra }, or forgotten \endgroup.
<recently read> }
                 
l.1864 \end{hscode}
                   \resethooks
? 

! LaTeX Error: Bad math environment delimiter.

See the LaTeX manual or LaTeX Companion for explanation.
Type  H <return>  for immediate help.
 ...                                              
                                                  
l.1864 \end{hscode}
                   \resethooks
? 
! Missing } inserted.
<inserted text> 
                }
l.1864 \end{hscode}
                   \resethooks
? 
! Missing $ inserted.
<inserted text> 
                $
l.1864 \end{hscode}
                   \resethooks
? 
! Extra }, or forgotten \endgroup.
<recently read> }
                 
l.1864 \end{hscode}
                   \resethooks
? 

! LaTeX Error: Bad math environment delimiter.

See the LaTeX manual or LaTeX Companion for explanation.
Type  H <return>  for immediate help.
 ...                                              
                                                  
l.1864 \end{hscode}
                   \resethooks
? 
! Missing } inserted.
<inserted text> 
                }
l.1864 \end{hscode}
                   \resethooks
? 
! Missing $ inserted.
<inserted text> 
                $
l.1864 \end{hscode}
                   \resethooks
? 
! Extra }, or forgotten \endgroup.
<recently read> }
                 
l.1864 \end{hscode}
                   \resethooks
? 

! LaTeX Error: Bad math environment delimiter.

See the LaTeX manual or LaTeX Companion for explanation.
Type  H <return>  for immediate help.
 ...                                              
                                                  
l.1864 \end{hscode}
                   \resethooks
? 
! Missing } inserted.
<inserted text> 
                }
l.1864 \end{hscode}
                   \resethooks
? 
! Missing $ inserted.
<inserted text> 
                $
l.1864 \end{hscode}
                   \resethooks
? 
! Extra }, or forgotten \endgroup.
<recently read> }
                 
l.1864 \end{hscode}
                   \resethooks
? 

! LaTeX Error: Bad math environment delimiter.

See the LaTeX manual or LaTeX Companion for explanation.
Type  H <return>  for immediate help.
 ...                                              
                                                  
l.1864 \end{hscode}
                   \resethooks
? 
! Missing } inserted.
<inserted text> 
                }
l.1864 \end{hscode}
                   \resethooks
? 
! Missing $ inserted.
<inserted text> 
                $
l.1864 \end{hscode}
                   \resethooks
? 
! Extra }, or forgotten \endgroup.
<recently read> }
                 
l.1864 \end{hscode}
                   \resethooks
? 
<xymatrix 3x1 96>
Underfull \hbox (badness 10000) in paragraph at lines 1878--1882

 []

! Missing $ inserted.
<inserted text> 
                $
l.1884 ...or sua vez, do tipo (algo + (algo \times
                                                   algo)).\\
? 
! Missing $ inserted.
<inserted text> 
                $
l.1885 
       
? 

Underfull \hbox (badness 10000) in paragraph at lines 1883--1885

 []

! Missing $ inserted.
<inserted text> 
                $
l.1889 ...algo como sendo do tipo (id + (id \times
                                                   algo)).\\
? 
! Missing $ inserted.
<inserted text> 
                $
l.1890 
       
? 

Underfull \hbox (badness 10000) in paragraph at lines 1886--1890

 []


Underfull \hbox (badness 10000) in paragraph at lines 1891--1895

 []

\openout6 = `cp2223t.ptb'.


! LaTeX Error: Bad math environment delimiter.

See the LaTeX manual or LaTeX Companion for explanation.
Type  H <return>  for immediate help.
 ...                                              
                                                  
l.1905 \end{hscode}
                   \resethooks
? 
! Missing } inserted.
<inserted text> 
                }
l.1905 \end{hscode}
                   \resethooks
? 
! Missing $ inserted.
<inserted text> 
                $
l.1905 \end{hscode}
                   \resethooks
? 
! Extra }, or forgotten \endgroup.
<recently read> }
                 
l.1905 \end{hscode}
                   \resethooks
? 

! LaTeX Error: Bad math environment delimiter.

See the LaTeX manual or LaTeX Companion for explanation.
Type  H <return>  for immediate help.
 ...                                              
                                                  
l.1905 \end{hscode}
                   \resethooks
? 
! Missing } inserted.
<inserted text> 
                }
l.1905 \end{hscode}
                   \resethooks
? 
! Missing $ inserted.
<inserted text> 
                $
l.1905 \end{hscode}
                   \resethooks
? 
! Extra }, or forgotten \endgroup.
<recently read> }
                 
l.1905 \end{hscode}
                   \resethooks
? 

! LaTeX Error: Bad math environment delimiter.

See the LaTeX manual or LaTeX Companion for explanation.
Type  H <return>  for immediate help.
 ...                                              
                                                  
l.1905 \end{hscode}
                   \resethooks
? 
! Missing } inserted.
<inserted text> 
                }
l.1905 \end{hscode}
                   \resethooks
? 
! Missing $ inserted.
<inserted text> 
                $
l.1905 \end{hscode}
                   \resethooks
? 
! Extra }, or forgotten \endgroup.
<recently read> }
                 
l.1905 \end{hscode}
                   \resethooks
? 
[18]
\openout6 = `cp2223t.ptb'.

\openout6 = `cp2223t.ptb'.


Underfull \hbox (badness 10000) in paragraph at lines 1944--1947

 []


Underfull \hbox (badness 10000) in paragraph at lines 1948--1949

 []

! Missing $ inserted.
<inserted text> 
                $
l.1950 ...e}{Square} = ((x, y), side) = ((A \times
                                                   B) \times C)\\
? 
! Missing $ inserted.
<inserted text> 
                $
l.1953 
       
? 

Underfull \hbox (badness 10000) in paragraph at lines 1950--1953

 []

<xymatrix 2x1 106> <xymatrix 2x2 237>
\openout6 = `cp2223t.ptb'.


Overfull \hbox (84.7294pt too wide) in paragraph at lines 1978--2007
 [][] 
 []


Overfull \hbox (84.7294pt too wide) in paragraph at lines 1978--2007
 [][] 
 []


Overfull \hbox (84.7294pt too wide) in paragraph at lines 1978--2007
 [][][][] 
 []


Overfull \hbox (84.7294pt too wide) in paragraph at lines 1978--2007
 [][][][] 
 []


Overfull \hbox (84.7294pt too wide) in paragraph at lines 1978--2007
 [][][][] 
 []


Overfull \hbox (84.7294pt too wide) in paragraph at lines 1978--2007
 [][][][] 
 []


Overfull \hbox (84.7294pt too wide) in paragraph at lines 1978--2007
 [][][][] 
 []


Overfull \hbox (84.7294pt too wide) in paragraph at lines 1978--2007
 [][][][] 
 []


Overfull \hbox (84.7294pt too wide) in paragraph at lines 1978--2007
 [][][][] 
 []

[19]
Underfull \hbox (badness 10000) in paragraph at lines 2011--2013

 []

<xymatrix 2x2 244>
LaTeX Font Info:    Font shape `OT1/FiraSans-LF/b/it' in size <10> not availabl
e
(Font)              Font shape `OT1/FiraSans-LF/bold/it' tried instead on input
 line 2033.
LaTeX Font Info:    Font shape `OT1/FiraSans-LF/bold/it' will be
(Font)              scaled to size 10.0pt on input line 2033.
 <xymatrix 3x2 245>
\openout6 = `cp2223t.ptb'.



! LaTeX Error: Bad math environment delimiter.

See the LaTeX manual or LaTeX Companion for explanation.
Type  H <return>  for immediate help.
 ...                                              
                                                  
l.2059 \end{hscode}
                   \resethooks
? 
! Missing } inserted.
<inserted text> 
                }
l.2059 \end{hscode}
                   \resethooks
? 
! Missing $ inserted.
<inserted text> 
                $
l.2059 \end{hscode}
                   \resethooks
? 
! Extra }, or forgotten \endgroup.
<recently read> }
                 
l.2059 \end{hscode}
                   \resethooks
? 

! LaTeX Error: Bad math environment delimiter.

See the LaTeX manual or LaTeX Companion for explanation.
Type  H <return>  for immediate help.
 ...                                              
                                                  
l.2059 \end{hscode}
                   \resethooks
? 
! Missing } inserted.
<inserted text> 
                }
l.2059 \end{hscode}
                   \resethooks
? 
! Missing $ inserted.
<inserted text> 
                $
l.2059 \end{hscode}
                   \resethooks
? 
! Extra }, or forgotten \endgroup.
<recently read> }
                 
l.2059 \end{hscode}
                   \resethooks
? 

! LaTeX Error: Bad math environment delimiter.

See the LaTeX manual or LaTeX Companion for explanation.
Type  H <return>  for immediate help.
 ...                                              
                                                  
l.2059 \end{hscode}
                   \resethooks
? 
! Missing } inserted.
<inserted text> 
                }
l.2059 \end{hscode}
                   \resethooks
? 
! Missing $ inserted.
<inserted text> 
                $
l.2059 \end{hscode}
                   \resethooks
? 
! Extra }, or forgotten \endgroup.
<recently read> }
                 
l.2059 \end{hscode}
                   \resethooks
? 

Underfull \hbox (badness 10000) in paragraph at lines 2061--2065

 []

[20]
\openout6 = `cp2223t.ptb'.

\openout6 = `cp2223t.ptb'.

\openout6 = `cp2223t.ptb'.

 [21] <xymatrix 3x2 245>
\openout6 = `cp2223t.ptb'.

 (cp2223t.ind [22]
! Missing $ inserted.
<inserted text> 
                $
l.51     \subitem
                  \
? 
! Missing $ inserted.
<inserted text> 
                $
l.53 
     
? 
[23


]) (cp2223t.bbl) [24

] (cp2223t.aux)

LaTeX Font Warning: Some font shapes were not available, defaults substituted.


LaTeX Warning: There were undefined references.


LaTeX Warning: Label(s) may have changed. Rerun to get cross-references right.

Package rerunfilecheck Info: File `cp2223t.out' has not changed.
(rerunfilecheck)             Checksum: 5124564812F81E96D5A684CB89D0EF13;3456.
 ) 
Here is how much of TeX's memory you used:
 35981 strings out of 476406
 690079 string characters out of 2789568
 2285787 words of memory out of 3000000
 55497 multiletter control sequences out of 15000+600000
 672208 words of font info for 201 fonts, out of 8000000 for 9000
 1141 hyphenation exceptions out of 8191
 99i,18n,131p,3296b,1986s stack positions out of 10000i,1000n,20000p,200000b,80000s

pdfTeX warning (dest): name{section.3.17} has been referenced but does not exis
t, replaced by a fixed one

{C:/Users/diogo/AppData/Local/Programs/MiKTeX/fonts/enc/dvips/fira/fir_ugbesn.e
nc}{C:/Users/diogo/AppData/Local/Programs/MiKTeX/fonts/enc/dvips/fira/fir_d67aa
t.enc}{C:/Users/diogo/AppData/Local/Programs/MiKTeX/fonts/enc/dvips/base/8r.enc
}<C:/Users/diogo/AppData/Local/Programs/MiKTeX/fonts/type1/public/fira/FiraSans
-Bold.pfb><C:/Users/diogo/AppData/Local/Programs/MiKTeX/fonts/type1/public/fira
/FiraSans-BoldItalic.pfb><C:/Users/diogo/AppData/Local/Programs/MiKTeX/fonts/ty
pe1/public/fira/FiraSans-Book.pfb><C:/Users/diogo/AppData/Local/Programs/MiKTeX
/fonts/type1/public/fira/FiraSans-BookItalic.pfb><C:/Users/diogo/AppData/Local/
Programs/MiKTeX/fonts/type1/public/amsfonts/cm/cmex10.pfb><C:/Users/diogo/AppDa
ta/Local/Programs/MiKTeX/fonts/type1/public/amsfonts/cm/cmmi10.pfb><C:/Users/di
ogo/AppData/Local/Programs/MiKTeX/fonts/type1/public/amsfonts/cm/cmr10.pfb><C:/
Users/diogo/AppData/Local/Programs/MiKTeX/fonts/type1/public/amsfonts/cm/cmss10
.pfb><C:/Users/diogo/AppData/Local/Programs/MiKTeX/fonts/type1/public/amsfonts/
cm/cmss8.pfb><C:/Users/diogo/AppData/Local/Programs/MiKTeX/fonts/type1/public/a
msfonts/cm/cmsy10.pfb><C:/Users/diogo/AppData/Local/Programs/MiKTeX/fonts/type1
/public/amsfonts/cm/cmtt10.pfb><C:/Users/diogo/AppData/Local/Programs/MiKTeX/fo
nts/type1/public/amsfonts/cm/cmtt8.pfb><C:/Users/diogo/AppData/Local/Programs/M
iKTeX/fonts/type1/public/amsfonts/cm/cmtt9.pfb><C:/Users/diogo/AppData/Local/Pr
ograms/MiKTeX/fonts/type1/public/amsfonts/symbols/msam10.pfb><C:/Users/diogo/Ap
pData/Local/Programs/MiKTeX/fonts/type1/public/amsfonts/symbols/msbm10.pfb><C:/
Users/diogo/AppData/Local/Programs/MiKTeX/fonts/type1/public/hoekwater/stmary10
.pfb><C:/Users/diogo/AppData/Local/Programs/MiKTeX/fonts/type1/public/hoekwater
/stmary7.pfb><C:/Users/diogo/AppData/Local/Programs/MiKTeX/fonts/type1/urw/symb
ol/usyr.pfb><C:/Users/diogo/AppData/Local/Programs/MiKTeX/fonts/type1/urw/symbo
l/usyr.pfb><C:/Users/diogo/AppData/Local/Programs/MiKTeX/fonts/type1/urw/times/
utmb8a.pfb><C:/Users/diogo/AppData/Local/Programs/MiKTeX/fonts/type1/urw/times/
utmr8a.pfb><C:/Users/diogo/AppData/Local/Programs/MiKTeX/fonts/type1/urw/times/
utmri8a.pfb><C:/Users/diogo/AppData/Local/Programs/MiKTeX/fonts/type1/public/xy
pic/xyatip10.pfb><C:/Users/diogo/AppData/Local/Programs/MiKTeX/fonts/type1/publ
ic/xypic/xybtip10.pfb>
Output written on cp2223t.pdf (24 pages, 821268 bytes).
PDF statistics:
 601 PDF objects out of 1000 (max. 8388607)
 153 named destinations out of 1000 (max. 500000)
 168 words of extra memory for PDF output out of 10000 (max. 10000000)

